UID        PID  PPID  C STIME TTY          TIME CMD
root         1     0  0 9月20 ?       00:00:08 /sbin/init splash
root         2     0  0 9月20 ?       00:00:00 [kthreadd]
root         4     2  0 9月20 ?       00:00:00 [kworker/0:0H]
root         6     2  0 9月20 ?       00:00:00 [mm_percpu_wq]
root         7     2  0 9月20 ?       00:00:02 [ksoftirqd/0]
root         8     2  0 9月20 ?       00:17:23 [rcu_sched]
root         9     2  0 9月20 ?       00:00:00 [rcu_bh]
root        10     2  0 9月20 ?       00:00:00 [migration/0]
root        11     2  0 9月20 ?       00:00:02 [watchdog/0]
root        12     2  0 9月20 ?       00:00:00 [cpuhp/0]
root        13     2  0 9月20 ?       00:00:00 [cpuhp/1]
root        14     2  0 9月20 ?       00:00:02 [watchdog/1]
root        15     2  0 9月20 ?       00:00:00 [migration/1]
root        16     2  0 9月20 ?       00:00:01 [ksoftirqd/1]
root        18     2  0 9月20 ?       00:00:00 [kworker/1:0H]
root        19     2  0 9月20 ?       00:00:00 [cpuhp/2]
root        20     2  0 9月20 ?       00:00:02 [watchdog/2]
root        21     2  0 9月20 ?       00:00:00 [migration/2]
root        22     2  0 9月20 ?       00:00:07 [ksoftirqd/2]
root        24     2  0 9月20 ?       00:00:00 [kworker/2:0H]
root        25     2  0 9月20 ?       00:00:00 [cpuhp/3]
root        26     2  0 9月20 ?       00:00:02 [watchdog/3]
root        27     2  0 9月20 ?       00:00:00 [migration/3]
root        28     2  0 9月20 ?       00:00:13 [ksoftirqd/3]
root        30     2  0 9月20 ?       00:00:00 [kworker/3:0H]
root        31     2  0 9月20 ?       00:00:00 [kdevtmpfs]
root        32     2  0 9月20 ?       00:00:00 [netns]
root        36     2  0 9月20 ?       00:00:01 [khungtaskd]
root        37     2  0 9月20 ?       00:00:00 [oom_reaper]
root        38     2  0 9月20 ?       00:00:00 [writeback]
root        39     2  0 9月20 ?       00:00:00 [kcompactd0]
root        40     2  0 9月20 ?       00:00:00 [ksmd]
root        41     2  0 9月20 ?       00:00:14 [khugepaged]
root        42     2  0 9月20 ?       00:00:00 [crypto]
root        43     2  0 9月20 ?       00:00:00 [kintegrityd]
root        44     2  0 9月20 ?       00:00:00 [kblockd]
root        46     2  0 9月20 ?       00:00:00 [ata_sff]
root        47     2  0 9月20 ?       00:00:00 [md]
root        48     2  0 9月20 ?       00:00:00 [edac-poller]
root        49     2  0 9月20 ?       00:00:00 [devfreq_wq]
root        50     2  0 9月20 ?       00:00:00 [watchdogd]
root        53     2  0 9月20 ?       00:00:00 [kauditd]
root        54     2  0 9月20 ?       00:00:24 [kswapd0]
root        55     2  0 9月20 ?       00:00:00 [ecryptfs-kthrea]
root        97     2  0 9月20 ?       00:00:00 [kthrotld]
root        98     2  0 9月20 ?       00:00:00 [acpi_thermal_pm]
root       102     2  0 9月20 ?       00:00:00 [ipv6_addrconf]
root       127     2  0 9月20 ?       00:00:00 [charger_manager]
root       188     2  0 9月20 ?       00:00:00 [scsi_eh_0]
root       189     2  0 9月20 ?       00:00:00 [scsi_tmf_0]
root       190     2  0 9月20 ?       00:00:00 [scsi_eh_1]
root       191     2  0 9月20 ?       00:00:00 [scsi_tmf_1]
root       192     2  0 9月20 ?       00:00:00 [scsi_eh_2]
root       193     2  0 9月20 ?       00:00:00 [scsi_tmf_2]
root       194     2  0 9月20 ?       00:00:00 [scsi_eh_3]
root       195     2  0 9月20 ?       00:00:00 [scsi_tmf_3]
root       196     2  0 9月20 ?       00:00:00 [scsi_eh_4]
root       197     2  0 9月20 ?       00:00:00 [scsi_tmf_4]
root       198     2  0 9月20 ?       00:00:00 [scsi_eh_5]
root       199     2  0 9月20 ?       00:00:00 [scsi_tmf_5]
root       202     2  0 9月20 ?       00:00:00 [nvidia-modeset]
root       213     2  0 9月20 ?       00:00:00 [kworker/0:1H]
root       214     2  0 9月20 ?       00:00:21 [kworker/2:1H]
root       215     2  0 9月20 ?       00:00:00 [kworker/1:1H]
root       217     2  0 9月20 ?       00:00:00 [kworker/3:1H]
root       225     2  0 9月20 ?       00:00:00 [kdmflush]
root       227     2  0 9月20 ?       00:00:00 [bioset]
root       270     2  0 9月20 ?       00:00:37 [jbd2/dm-0-8]
root       271     2  0 9月20 ?       00:00:00 [ext4-rsv-conver]
root       312     1  0 9月20 ?       00:00:05 /lib/systemd/systemd-journald
root       324     1  0 9月20 ?       00:00:04 /lib/systemd/systemd-udevd
root       332     1  0 9月20 ?       00:00:00 /sbin/lvmetad -f
root       333     2  0 9月20 ?       00:00:00 [rpciod]
root       334     2  0 9月20 ?       00:00:00 [xprtiod]
root       427     2  0 9月20 ?       00:00:00 [irq/27-mei_me]
root       560     2  0 9月20 ?       00:00:00 [UVM global queu]
root       561     2  0 9月20 ?       00:00:00 [UVM Tools Event]
root       654     2  0 9月20 ?       00:00:00 [led_workqueue]
root       689     2  0 9月20 ?       00:00:00 [kdmflush]
root       690     2  0 9月20 ?       00:00:00 [bioset]
root       770     2  0 9月20 ?       00:00:00 [ext4-rsv-conver]
systemd+   977     1  0 9月20 ?       00:00:00 /lib/systemd/systemd-timesyncd
root      1130     1  0 9月20 ?       00:00:00 /usr/sbin/ModemManager
syslog    1139     1  0 9月20 ?       00:00:01 /usr/sbin/rsyslogd -n
root      1143     1  0 9月20 ?       00:00:13 /usr/lib/accountsservice/accounts-daemon
root      1144     1  0 9月20 ?       00:00:01 /usr/sbin/cron -f
avahi     1149     1  0 9月20 ?       00:10:01 avahi-daemon: running [devtools-vili1.local]
root      1153     1  0 9月20 ?       00:01:01 /usr/lib/snapd/snapd
root      1157     1  0 9月20 ?       00:00:36 /usr/sbin/acpid
message+  1158     1  0 9月20 ?       00:00:15 /usr/bin/dbus-daemon --system --address=systemd: --nofork --nopidfile --systemd-activation
avahi     1295  1149  0 9月20 ?       00:00:00 avahi-daemon: chroot helper
root      1361     2  0 9月20 ?       00:00:00 [iprt-VBoxWQueue]
root      1365     2  0 9月20 ?       00:00:00 [iprt-VBoxTscThr]
root      1378     1  0 9月20 ?       00:00:08 /usr/sbin/NetworkManager --no-daemon
root      1384     1  0 9月20 ?       00:00:01 /lib/systemd/systemd-logind
root      1421  1653  0 19:15 ?        00:00:00 sshd: vili2 [priv]
root      1455     1  0 9月20 ?       00:00:00 /usr/sbin/lightdm
root      1485     1  0 9月20 ?       00:00:02 /usr/lib/policykit-1/polkitd --no-debug
root      1502     1  0 9月20 ?       00:00:35 /usr/sbin/irqbalance --pid=/var/run/irqbalance.pid
vili2     1532  1421  0 19:15 ?        00:00:00 sshd: vili2@pts/36
vili2     1533  1532  0 19:15 pts/36   00:00:00 -bash
root      1612  1455  3 9月20 tty7    06:59:07 /usr/lib/xorg/Xorg -core :0 -seat seat0 -auth /var/run/lightdm/root/:0 -nolisten tcp vt7 -novtswitch
root      1653     1  0 9月20 ?       00:00:01 /usr/sbin/sshd -D
root      1655     1  0 9月20 ?       00:42:52 /usr/local/bin/gitlab-runner run --working-directory /home/gitlab-runner --config /etc/gitlab-runner/config.toml --service gitlab-runner --syslog --user gitlab-runner
nx        1722     1  0 9月20 ?       00:02:29 /usr/NX/bin/nxserver.bin --daemon
root      1786     2  0 9月20 ?       00:46:13 [irq/29-nvidia]
root      1787     2  0 9月20 ?       00:00:00 [nvidia]
nvidia-+  1799     1  0 9月20 ?       00:00:00 /usr/bin/nvidia-persistenced --user nvidia-persistenced --no-persistence-mode --verbose
root      1938  1378  0 9月20 ?       00:00:02 /sbin/dhclient -d -q -sf /usr/lib/NetworkManager/nm-dhcp-helper -pf /var/run/dhclient-enp3s0.pid -lf /var/lib/NetworkManager/dhclient-936c62e5-fa26-3f1e-8900-83cab17ee8b9-enp3s0.lease -cf /var/lib/NetworkManager/dhclient-enp3s0.conf enp3s0
nobody    1969  1378  0 9月20 ?       00:00:09 /usr/sbin/dnsmasq --no-resolv --keep-in-foreground --no-hosts --bind-interfaces --pid-file=/var/run/NetworkManager/dnsmasq.pid --listen-address=127.0.1.1 --cache-size=0 --conf-file=/dev/null --proxy-dnssec --enable-dbus=org.freedesktop.NetworkManager.dnsmasq --conf-dir=/etc/NetworkManager/dnsmasq.d
rtkit     2224     1  0 9月20 ?       00:00:08 /usr/lib/rtkit/rtkit-daemon
whoopsie  2251     1  0 9月20 ?       00:00:00 /usr/bin/whoopsie -f
root      2267     1  0 9月20 ?       00:25:47 /usr/bin/dockerd -H fd://
root      2317     1  0 9月20 tty1    00:00:00 /sbin/agetty --noclear tty1 linux
root      2351     1  0 9月20 ?       00:02:13 /usr/sbin/automount --pid-file /var/run/autofs.pid
nagios    2353     1  0 9月20 ?       00:00:00 /usr/sbin/nrpe -c /etc/nagios/nrpe.cfg -d
vili2     2412 25961  0 19:25 pts/19   00:00:00 /usr/bin/python /usr/bin/ipython
nagios    2509     1  0 9月20 ?       00:05:36 /usr/sbin/nagios3 -d /etc/nagios3/nagios.cfg
root      2546     1  0 9月20 ?       00:00:28 /usr/sbin/apache2 -k start
root      2618  2267  0 9月20 ?       00:15:51 docker-containerd -l unix:///var/run/docker/libcontainerd/docker-containerd.sock --metrics-interval=0 --start-timeout 2m --state-dir /var/run/docker/libcontainerd/containerd --shim docker-containerd-shim --runtime docker-runc
vili2     2712  4240  0 9月25 pts/28  00:00:00 bash
root      2737  1455  0 9月20 ?       00:00:00 lightdm --session-child 12 21
root      3004     1  0 9月20 ?       00:00:09 /usr/lib/upower/upowerd
vili2     3066     1  0 9月20 ?       00:00:00 /lib/systemd/systemd --user
vili2     3069  3066  0 9月20 ?       00:00:00 (sd-pam)
vili2     3131     1  0 9月20 ?       00:00:05 /usr/bin/gnome-keyring-daemon --daemonize --login
vili2     3147  2737  0 9月20 ?       00:00:02 /sbin/upstart --user
nx        3149  1722  0 9月20 ?       00:00:00 /usr/NX/bin/nxd
root      3261     2  0 19:49 ?        00:00:00 [kworker/2:0]
vili2     3266  3147  0 9月20 ?       00:00:01 upstart-udev-bridge --daemon --user
vili2     3274  3147  0 9月20 ?       00:00:13 dbus-daemon --fork --session --address=unix:abstract=/tmp/dbus-uDTPiwhX4m
vili2     3286  3147  0 9月20 ?       00:00:00 /usr/lib/x86_64-linux-gnu/hud/window-stack-bridge
vili2     3310  3147  0 9月20 ?       00:02:33 /usr/bin/ibus-daemon --daemonize --xim --address unix:tmpdir=/tmp/ibus
vili2     3326  3147  0 9月20 ?       00:00:00 /usr/lib/gvfs/gvfsd
vili2     3331  3147  0 9月20 ?       00:00:00 /usr/lib/gvfs/gvfsd-fuse /run/user/1000/gvfs -f -o big_writes
vili2     3334  3310  0 9月20 ?       00:00:00 /usr/lib/ibus/ibus-dconf
vili2     3335  3310  0 9月20 ?       00:00:18 /usr/lib/ibus/ibus-ui-gtk3
vili2     3342  3147  0 9月20 ?       00:00:00 /usr/lib/ibus/ibus-x11 --kill-daemon
vili2     3349  3147  0 9月20 ?       00:03:06 /usr/lib/x86_64-linux-gnu/bamf/bamfdaemon
vili2     3358  3147  0 9月20 ?       00:00:00 upstart-file-bridge --daemon --user
vili2     3360  3147  0 9月20 ?       00:00:04 upstart-dbus-bridge --daemon --session --user --bus-name session
vili2     3361  3147  0 9月20 ?       00:00:02 upstart-dbus-bridge --daemon --system --user --bus-name system
vili2     3367  3147  0 9月20 ?       00:00:00 /usr/lib/at-spi2-core/at-spi-bus-launcher
vili2     3378  3367  0 9月20 ?       00:00:00 /usr/bin/dbus-daemon --config-file=/etc/at-spi2/accessibility.conf --nofork --print-address 3
vili2     3381  3147  0 9月20 ?       00:00:03 /usr/lib/at-spi2-core/at-spi2-registryd --use-gnome-session
vili2     3386  3310  0 9月20 ?       00:00:51 /usr/lib/ibus/ibus-engine-simple
vili2     3389  3147  0 9月20 ?       00:00:24 gpg-agent --homedir /home/vili2/.gnupg --use-standard-socket --daemon
vili2     3399  3147  0 9月20 ?       00:00:02 /usr/lib/x86_64-linux-gnu/hud/hud-service
vili2     3401  3147  0 9月20 ?       00:00:30 /usr/lib/unity-settings-daemon/unity-settings-daemon
vili2     3406  3147  0 9月20 ?       00:00:00 /usr/lib/gnome-session/gnome-session-binary --session=ubuntu
vili2     3414  3147  0 9月20 ?       00:00:39 /usr/lib/x86_64-linux-gnu/unity/unity-panel-service
vili2     3433  3147  0 9月20 ?       00:00:00 /usr/lib/x86_64-linux-gnu/indicator-messages/indicator-messages-service
vili2     3434  3147  0 9月20 ?       00:00:00 /usr/lib/x86_64-linux-gnu/indicator-bluetooth/indicator-bluetooth-service
vili2     3437  3147  0 9月20 ?       00:00:05 /usr/lib/x86_64-linux-gnu/indicator-power/indicator-power-service
vili2     3438  3147  0 9月20 ?       00:00:11 /usr/lib/x86_64-linux-gnu/indicator-datetime/indicator-datetime-service
vili2     3439  3147  0 9月20 ?       00:00:00 /usr/lib/x86_64-linux-gnu/indicator-keyboard/indicator-keyboard-service --use-gtk
vili2     3440  3147  0 9月20 ?       00:00:00 /usr/lib/x86_64-linux-gnu/indicator-sound/indicator-sound-service
vili2     3441  3147  0 9月20 ?       00:00:00 /usr/lib/x86_64-linux-gnu/indicator-printers/indicator-printers-service
vili2     3444  3147  0 9月20 ?       00:00:00 /usr/lib/x86_64-linux-gnu/indicator-session/indicator-session-service
vili2     3463  3147  0 9月20 ?       00:00:00 /usr/lib/x86_64-linux-gnu/indicator-application/indicator-application-service
vili2     3494  3147  0 9月20 ?       00:00:00 /usr/lib/evolution/evolution-source-registry
vili2     3503  3147  0 9月20 ?       00:00:00 /usr/bin/pulseaudio --start --log-target=syslog
vili2     3508  3147  0 9月20 ?       00:00:00 /usr/lib/dconf/dconf-service
colord    3552     1  0 9月20 ?       00:00:00 /usr/lib/colord/colord
vili2     3577  3147  1 9月20 ?       02:20:50 compiz
vili2     3583  3147  0 9月20 ?       00:00:00 /usr/lib/evolution/evolution-calendar-factory
vili2     3629  3406  0 9月20 ?       00:00:00 nm-applet
vili2     3642  3406  6 9月20 ?       13:56:40 /usr/lib/vino/vino-server --sm-disable
vili2     3644  3406  0 9月20 ?       00:00:00 /usr/lib/policykit-1-gnome/polkit-gnome-authentication-agent-1
vili2     3648  3406  0 9月20 ?       00:00:27 /usr/bin/gnome-software --gapplication-service
vili2     3840  3406  0 9月20 ?       00:00:24 nautilus -n
vili2     3843  3583  0 9月20 ?       00:00:00 /usr/lib/evolution/evolution-calendar-factory-subprocess --factory contacts --bus-name org.gnome.evolution.dataserver.Subprocess.Backend.Calendarx3583x2 --own-path /org/gnome/evolution/dataserver/Subprocess/Backend/Calendar/3583/2
vili2     3844  3406  0 9月20 ?       00:00:00 /usr/lib/unity-settings-daemon/unity-fallback-mount-helper
vili2     3875  3147  0 9月20 ?       00:00:04 /usr/lib/gvfs/gvfs-udisks2-volume-monitor
vili2     3895  3147  0 9月20 ?       00:00:00 /usr/lib/evolution/evolution-addressbook-factory
vili2     3899  3583  0 9月20 ?       00:00:00 /usr/lib/evolution/evolution-calendar-factory-subprocess --factory local --bus-name org.gnome.evolution.dataserver.Subprocess.Backend.Calendarx3583x3 --own-path /org/gnome/evolution/dataserver/Subprocess/Backend/Calendar/3583/3
root      3915     1  0 9月20 ?       00:02:16 /usr/lib/udisks2/udisksd --no-debug
vili2     3945  3147  0 9月20 ?       00:00:00 /usr/lib/gvfs/gvfs-goa-volume-monitor
vili2     3955  3147  0 9月20 ?       00:00:00 /usr/lib/gvfs/gvfs-afc-volume-monitor
vili2     3964  3147  0 9月20 ?       00:00:00 /usr/lib/gvfs/gvfs-gphoto2-volume-monitor
vili2     3975  3895  0 9月20 ?       00:00:00 /usr/lib/evolution/evolution-addressbook-factory-subprocess --factory local --bus-name org.gnome.evolution.dataserver.Subprocess.Backend.AddressBookx3895x2 --own-path /org/gnome/evolution/dataserver/Subprocess/Backend/AddressBook/3895/2
vili2     3986  3147  0 9月20 ?       00:00:00 /usr/lib/gvfs/gvfs-mtp-volume-monitor
root      4085     2  0 20:09 ?        00:00:00 [kworker/0:3]
root      4105  2618  0 9月20 ?       00:00:00 docker-containerd-shim e621bc1e972c81b85aa570627b3f75f4ac53ec6cb3003a2c10a347151bee38f8 /var/run/docker/libcontainerd/e621bc1e972c81b85aa570627b3f75f4ac53ec6cb3003a2c10a347151bee38f8 docker-runc
vili2     4118  3147  0 9月20 ?       00:00:00 /usr/lib/gvfs/gvfsd-trash --spawner :1.5 /org/gtk/gvfs/exec_spaw/0
root      4149  4105  0 9月20 ?       00:00:00 /usr/bin/dumb-init /entrypoint run --user=gitlab-runner --working-directory=/home/gitlab-runner
root      4198  4149  0 9月20 ?       00:46:59 gitlab-runner run --user=gitlab-runner --working-directory=/home/gitlab-runner
vili2     4240  3147  0 9月20 ?       00:04:14 /usr/lib/gnome-terminal/gnome-terminal-server
root      4244     2  0 20:14 ?        00:00:00 [kworker/2:2]
vili2     4246  4240  0 9月20 pts/17  00:00:01 bash
root      4254     2  0 20:14 ?        00:00:00 [kworker/3:1]
vili2     4373  4240  0 9月25 pts/29  00:00:00 bash
vili2     4415  3147  0 9月20 ?       00:00:00 /bin/sh -c /usr/lib/x86_64-linux-gnu/zeitgeist/zeitgeist-maybe-vacuum; /usr/bin/zeitgeist-daemon
vili2     4422  4415  0 9月20 ?       00:00:00 /usr/bin/zeitgeist-daemon
vili2     4429  3147  0 9月20 ?       00:00:00 /usr/lib/x86_64-linux-gnu/zeitgeist-fts
vili2     4431  3147  0 9月20 ?       00:00:11 zeitgeist-datahub
root      4456     2  0 9月20 ?       00:00:00 [cifsiod]
root      4457     2  0 9月20 ?       00:00:00 [cifsoplockd]
vili2     4718  3406  0 9月20 ?       00:00:14 update-notifier
root      4770  2618  0 9月20 ?       00:00:00 docker-containerd-shim e621bc1e972c81b85aa570627b3f75f4ac53ec6cb3003a2c10a347151bee38f8 /var/run/docker/libcontainerd/e621bc1e972c81b85aa570627b3f75f4ac53ec6cb3003a2c10a347151bee38f8 docker-runc
root      4788  4770  0 9月20 ?       00:00:00 /bin/bash
root      4907  4149  0 9月20 ?       00:46:35 /usr/bin/gitlab-runner run --working-directory /home/gitlab-runner --config /etc/gitlab-runner/config.toml --service gitlab-runner --syslog --user gitlab-runner
vili2     4908  3406  0 9月20 ?       00:00:00 /usr/lib/x86_64-linux-gnu/deja-dup/deja-dup-monitor
root      4981     2  0 20:29 ?        00:00:00 [kworker/0:1]
root      5121     2  0 20:34 ?        00:00:00 [kworker/3:2]
root      5141     2  0 20:35 ?        00:00:00 [kworker/u8:1]
root      5161     2  0 20:36 ?        00:00:00 [kworker/1:1]
vili2     5203  9991  0 9月27 pts/24  00:02:26 /opt/google/chrome/chrome --type=renderer --field-trial-handle=8166109962723165540,8907608424217149466,131072 --service-pipe-token=D1E514560FB615CC2D88B200A825C244 --lang=en-US --enable-crash-reporter=119f5fd0-a1e3-461b-9893-eb2dc3daa95c, --enable-offline-auto-reload --enable-offline-auto-reload-visible-only --blink-settings=disallowFetchForDocWrittenScriptsInMainFrame=false,disallowFetchForDocWrittenScriptsInMainFrameOnSlowConnections=true --enable-pinch --num-raster-threads=2 --enable-main-frame-before-activation --enable-gpu-async-worker-context --content-image-texture-target=0,0,3553;0,1,3553;0,2,3553;0,3,3553;0,4,3553;0,5,3553;0,6,3553;0,7,3553;0,8,3553;0,9,3553;0,10,3553;0,11,3553;0,12,3553;0,13,3553;0,14,3553;0,15,3553;0,16,3553;0,17,3553;1,0,3553;1,1,3553;1,2,3553;1,3,3553;1,4,3553;1,5,3553;1,6,3553;1,7,3553;1,8,3553;1,9,3553;1,10,3553;1,11,3553;1,12,3553;1,13,3553;1,14,3553;1,15,3553;1,16,3553;1,17,3553;2,0,3553;2,1,3553;2,2,3553;2,3,3553;2,4,3553;2,5,3553;2,6,3553;2,7,3553;2,8,3553;2,9,3553;2,10,3553;2,11,3553;2,12,3553;2,13,3553;2,14,3553;2,15,3553;2,16,3553;2,17,3553;3,0,3553;3,1,3553;3,2,3553;3,3,3553;3,4,3553;3,5,3553;3,6,3553;3,7,3553;3,8,3553;3,9,3553;3,10,3553;3,11,3553;3,12,3553;3,13,3553;3,14,3553;3,15,3553;3,16,3553;3,17,3553;4,0,3553;4,1,3553;4,2,3553;4,3,3553;4,4,3553;4,5,3553;4,6,3553;4,7,3553;4,8,3553;4,9,3553;4,10,3553;4,11,3553;4,12,3553;4,13,3553;4,14,3553;4,15,3553;4,16,3553;4,17,3553;5,0,3553;5,1,3553;5,2,3553;5,3,3553;5,4,3553;5,5,3553;5,6,3553;5,7,3553;5,8,3553;5,9,3553;5,10,3553;5,11,3553;5,12,3553;5,13,3553;5,14,3553;5,15,3553;5,16,3553;5,17,3553;6,0,3553;6,1,3553;6,2,3553;6,3,3553;6,4,3553;6,5,3553;6,6,3553;6,7,3553;6,8,3553;6,9,3553;6,10,3553;6,11,3553;6,12,3553;6,13,3553;6,14,3553;6,15,3553;6,16,3553;6,17,3553 --disable-accelerated-video-decode --service-request-channel-token=D1E514560FB615CC2D88B200A825C244 --renderer-client-id=7590 --shared-files=v8_context_snapshot_data:100,v8_natives_data:101,v8_snapshot_data:102
root      5388     2  0 20:42 ?        00:00:00 [kworker/u8:0]
root      5411     2  0 20:43 ?        00:00:00 [kworker/1:2]
root      5466     2  0 20:44 ?        00:00:00 [kworker/3:0]
vili2     5510  7339  0 20:46 pts/17   00:00:00 sleep 300
www-data  5527  2546  0 07:35 ?        00:00:00 /usr/sbin/apache2 -k start
www-data  5528  2546  0 07:35 ?        00:00:00 /usr/sbin/apache2 -k start
www-data  5529  2546  0 07:35 ?        00:00:00 /usr/sbin/apache2 -k start
www-data  5530  2546  0 07:35 ?        00:00:00 /usr/sbin/apache2 -k start
www-data  5531  2546  0 07:35 ?        00:00:00 /usr/sbin/apache2 -k start
root      5533  1653  0 20:47 ?        00:00:00 sshd: vili2 [priv]
root      5574     1  0 07:35 ?        00:00:00 /usr/sbin/cupsd -l
root      5575     1  0 07:35 ?        00:00:00 /usr/sbin/cups-browsed
vili2     5647  5533  0 20:47 ?        00:00:00 sshd: vili2@pts/40
vili2     5648  5647  0 20:47 pts/40   00:00:00 -bash
vili2     5866 20830  0 9月28 pts/38  00:00:01 vim bash.maps
root      5971     2  0 20:47 ?        00:00:00 [kworker/u8:2]
vili2     6236  3147  1 9月22 ?       02:24:15 /usr/bin/python3 /usr/bin/update-manager --no-update --no-focus-on-map
vili2     6250  5648  0 20:49 pts/40   00:00:00 ps -ef
vili2     6960  4240  0 9月25 pts/30  00:00:00 bash
vili2     7088  3147  0 9月20 pts/17  00:00:34 python dailyfogbugz.py --token=2eft3u7ljf0ialm6qdgt0e0328a66b
vili2     7128  6960  0 9月25 pts/30  00:00:00 /usr/bin/python /usr/bin/ipython
vili2     7339  4246  0 9月20 pts/17  00:00:01 sh run_googler.sh
root      7736  2267  0 9月20 ?       00:00:00 /usr/bin/docker-proxy -proto tcp -host-ip 0.0.0.0 -host-port 49326 -container-ip 172.17.0.3 -container-port 5900
root      7748  2267  0 9月20 ?       00:00:00 /usr/bin/docker-proxy -proto tcp -host-ip 0.0.0.0 -host-port 4444 -container-ip 172.17.0.3 -container-port 4444
root      7754  2618  0 9月20 ?       00:00:00 docker-containerd-shim 039fc6c63dba8d34ffb02efa872dfe533903805a136b6c8d7de7f72efbf07094 /var/run/docker/libcontainerd/039fc6c63dba8d34ffb02efa872dfe533903805a136b6c8d7de7f72efbf07094 docker-runc
vili2     7771  7754  0 9月20 ?       00:00:00 /bin/bash /opt/bin/entry_point.sh
vili2     7864  7771  0 9月20 ?       00:00:00 /bin/sh /usr/bin/xvfb-run -n 99 --server-args=-screen 0 1360x1020x24 -ac +extension RANDR java -jar /opt/selenium/selenium-server-standalone.jar
vili2     7878  7864  0 9月20 ?       00:15:10 Xvfb :99 -screen 0 1360x1020x24 -ac +extension RANDR -nolisten tcp -auth /tmp/xvfb-run.hxc3bc/Xauthority
vili2     7892  7864  0 9月20 ?       00:17:26 java -jar /opt/selenium/selenium-server-standalone.jar
vili2     7893  7771  0 9月20 ?       00:03:01 fluxbox -display :99.0
vili2     7894  7771  0 9月20 ?       00:14:24 x11vnc -usepw -forever -shared -rfbport 5900 -display :99.0
vili2     7938  7893  0 9月20 ?       00:00:00 /bin/sh -c x-terminal-emulator -T "Bash" -e /bin/bash --login
vili2     7939  7938  0 9月20 ?       00:00:04 xterm -class UXTerm -title uxterm -u8 -T Bash -e /bin/bash --login
vili2     7944  7939  0 9月20 pts/0   00:00:00 /bin/bash --login
vili2     8446  4240  0 9月27 pts/39  00:00:00 bash
vili2     8473  4240  0 9月21 pts/23  00:00:00 bash
vili2     8992  8473  0 9月21 pts/23  00:00:00 vim 01changeComputerName.pl
vili2     9782  4240  0 9月21 pts/24  00:00:00 bash
vili2     9945  9782  0 9月21 pts/24  01:19:42 /opt/google/chrome/chrome
vili2     9963  9945  0 9月21 pts/24  00:00:00 cat
vili2     9964  9945  0 9月21 pts/24  00:00:00 cat
vili2     9987  9945  0 9月21 pts/24  00:00:00 /opt/google/chrome/chrome --type=zygote --enable-crash-reporter=119f5fd0-a1e3-461b-9893-eb2dc3daa95c,
vili2     9988  9987  0 9月21 pts/24  00:00:00 /opt/google/chrome/nacl_helper
vili2     9991  9987  0 9月21 pts/24  00:00:18 /opt/google/chrome/chrome --type=zygote --enable-crash-reporter=119f5fd0-a1e3-461b-9893-eb2dc3daa95c,
vili2    10048  9945  0 9月21 pts/24  00:30:42 /opt/google/chrome/chrome --type=gpu-process --field-trial-handle=8166109962723165540,8907608424217149466,131072 --enable-crash-reporter=119f5fd0-a1e3-461b-9893-eb2dc3daa95c, --dis ated-video-decode --gpu-vendor-id=0x10de --gpu-device-id=0x0dd8 --gpu-driver-vendor=Nvidia --gpu-driver-version=384.130 --gpu-driver-date --enable-crash-reporter=119f5fd0-a1e3-461b-9893-eb2dc3daa95c, --service-request-channel-token=518C98D12C9950027A95DF96A3D2F1D9
vili2    10051 10048  0 9月21 pts/24  00:00:00 /opt/google/chrome/chrome --type=gpu-broker                                                                                                                                          ated-video-decode --gpu-vendor-id=0x10de --gpu-device-id=0x0dd8 --gpu-driver-vendor=Nvidia --gpu-driver-version=384.130 --gpu-driver-date --enable-crash-reporter=119f5fd0-a1e3-461b-9893-eb2dc3daa95c, --service-request-channel-token=518C98D12C9950027A95DF96A3D2F1D9
vili2    10141  9991  0 9月21 pts/24  00:00:18 /opt/google/chrome/chrome --type=renderer --field-trial-handle=8166109962723165540,8907608424217149466,131072 --service-pipe-token=D81ACFA7454A466060C4CE8A5B1BB981 --lang=en-US --enable-crash-reporter=119f5fd0-a1e3-461b-9893-eb2dc3daa95c, --extension-process --enable-offline-auto-reload --enable-offline-auto-reload-visible-only --blink-settings=disallowFetchForDocWrittenScriptsInMainFrame=false,disallowFetchForDocWrittenScriptsInMainFrameOnSlowConnections=true --enable-pinch --num-raster-threads=2 --enable-main-frame-before-activation --enable-gpu-async-worker-context --content-image-texture-target=0,0,3553;0,1,3553;0,2,3553;0,3,3553;0,4,3553;0,5,3553;0,6,3553;0,7,3553;0,8,3553;0,9,3553;0,10,3553;0,11,3553;0,12,3553;0,13,3553;0,14,3553;0,15,3553;0,16,3553;0,17,3553;1,0,3553;1,1,3553;1,2,3553;1,3,3553;1,4,3553;1,5,3553;1,6,3553;1,7,3553;1,8,3553;1,9,3553;1,10,3553;1,11,3553;1,12,3553;1,13,3553;1,14,3553;1,15,3553;1,16,3553;1,17,3553;2,0,3553;2,1,3553;2,2,3553;2,3,3553;2,4,3553;2,5,3553;2,6,3553;2,7,3553;2,8,3553;2,9,3553;2,10,3553;2,11,3553;2,12,3553;2,13,3553;2,14,3553;2,15,3553;2,16,3553;2,17,3553;3,0,3553;3,1,3553;3,2,3553;3,3,3553;3,4,3553;3,5,3553;3,6,3553;3,7,3553;3,8,3553;3,9,3553;3,10,3553;3,11,3553;3,12,3553;3,13,3553;3,14,3553;3,15,3553;3,16,3553;3,17,3553;4,0,3553;4,1,3553;4,2,3553;4,3,3553;4,4,3553;4,5,3553;4,6,3553;4,7,3553;4,8,3553;4,9,3553;4,10,3553;4,11,3553;4,12,3553;4,13,3553;4,14,3553;4,15,3553;4,16,3553;4,17,3553;5,0,3553;5,1,3553;5,2,3553;5,3,3553;5,4,3553;5,5,3553;5,6,3553;5,7,3553;5,8,3553;5,9,3553;5,10,3553;5,11,3553;5,12,3553;5,13,3553;5,14,3553;5,15,3553;5,16,3553;5,17,3553;6,0,3553;6,1,3553;6,2,3553;6,3,3553;6,4,3553;6,5,3553;6,6,3553;6,7,3553;6,8,3553;6,9,3553;6,10,3553;6,11,3553;6,12,3553;6,13,3553;6,14,3553;6,15,3553;6,16,3553;6,17,3553 --disable-accelerated-video-decode --service-request-channel-token=D81ACFA7454A466060C4CE8A5B1BB981 --renderer-client-id=4 --shared-files=v8_context_snapshot_data:100,v8_natives_data:101,v8_snapshot_data:102
vili2    10158  9991  0 9月21 pts/24  00:07:20 /opt/google/chrome/chrome --type=renderer --field-trial-handle=8166109962723165540,8907608424217149466,131072 --service-pipe-token=E642E81DD4342FC261490B33F58BD6BC --lang=en-US --enable-crash-reporter=119f5fd0-a1e3-461b-9893-eb2dc3daa95c, --extension-process --enable-offline-auto-reload --enable-offline-auto-reload-visible-only --blink-settings=disallowFetchForDocWrittenScriptsInMainFrame=false,disallowFetchForDocWrittenScriptsInMainFrameOnSlowConnections=true --enable-pinch --num-raster-threads=2 --enable-main-frame-before-activation --enable-gpu-async-worker-context --content-image-texture-target=0,0,3553;0,1,3553;0,2,3553;0,3,3553;0,4,3553;0,5,3553;0,6,3553;0,7,3553;0,8,3553;0,9,3553;0,10,3553;0,11,3553;0,12,3553;0,13,3553;0,14,3553;0,15,3553;0,16,3553;0,17,3553;1,0,3553;1,1,3553;1,2,3553;1,3,3553;1,4,3553;1,5,3553;1,6,3553;1,7,3553;1,8,3553;1,9,3553;1,10,3553;1,11,3553;1,12,3553;1,13,3553;1,14,3553;1,15,3553;1,16,3553;1,17,3553;2,0,3553;2,1,3553;2,2,3553;2,3,3553;2,4,3553;2,5,3553;2,6,3553;2,7,3553;2,8,3553;2,9,3553;2,10,3553;2,11,3553;2,12,3553;2,13,3553;2,14,3553;2,15,3553;2,16,3553;2,17,3553;3,0,3553;3,1,3553;3,2,3553;3,3,3553;3,4,3553;3,5,3553;3,6,3553;3,7,3553;3,8,3553;3,9,3553;3,10,3553;3,11,3553;3,12,3553;3,13,3553;3,14,3553;3,15,3553;3,16,3553;3,17,3553;4,0,3553;4,1,3553;4,2,3553;4,3,3553;4,4,3553;4,5,3553;4,6,3553;4,7,3553;4,8,3553;4,9,3553;4,10,3553;4,11,3553;4,12,3553;4,13,3553;4,14,3553;4,15,3553;4,16,3553;4,17,3553;5,0,3553;5,1,3553;5,2,3553;5,3,3553;5,4,3553;5,5,3553;5,6,3553;5,7,3553;5,8,3553;5,9,3553;5,10,3553;5,11,3553;5,12,3553;5,13,3553;5,14,3553;5,15,3553;5,16,3553;5,17,3553;6,0,3553;6,1,3553;6,2,3553;6,3,3553;6,4,3553;6,5,3553;6,6,3553;6,7,3553;6,8,3553;6,9,3553;6,10,3553;6,11,3553;6,12,3553;6,13,3553;6,14,3553;6,15,3553;6,16,3553;6,17,3553 --disable-accelerated-video-decode --service-request-channel-token=E642E81DD4342FC261490B33F58BD6BC --renderer-client-id=5 --shared-files=v8_context_snapshot_data:100,v8_natives_data:101,v8_snapshot_data:102
vili2    10168  9991  0 9月21 pts/24  00:02:25 /opt/google/chrome/chrome --type=renderer --field-trial-handle=8166109962723165540,8907608424217149466,131072 --service-pipe-token=323CA3ED03A3EFA5DA053FE3DC49234B --lang=en-US --enable-crash-reporter=119f5fd0-a1e3-461b-9893-eb2dc3daa95c, --extension-process --enable-offline-auto-reload --enable-offline-auto-reload-visible-only --blink-settings=disallowFetchForDocWrittenScriptsInMainFrame=false,disallowFetchForDocWrittenScriptsInMainFrameOnSlowConnections=true --enable-pinch --num-raster-threads=2 --enable-main-frame-before-activation --enable-gpu-async-worker-context --content-image-texture-target=0,0,3553;0,1,3553;0,2,3553;0,3,3553;0,4,3553;0,5,3553;0,6,3553;0,7,3553;0,8,3553;0,9,3553;0,10,3553;0,11,3553;0,12,3553;0,13,3553;0,14,3553;0,15,3553;0,16,3553;0,17,3553;1,0,3553;1,1,3553;1,2,3553;1,3,3553;1,4,3553;1,5,3553;1,6,3553;1,7,3553;1,8,3553;1,9,3553;1,10,3553;1,11,3553;1,12,3553;1,13,3553;1,14,3553;1,15,3553;1,16,3553;1,17,3553;2,0,3553;2,1,3553;2,2,3553;2,3,3553;2,4,3553;2,5,3553;2,6,3553;2,7,3553;2,8,3553;2,9,3553;2,10,3553;2,11,3553;2,12,3553;2,13,3553;2,14,3553;2,15,3553;2,16,3553;2,17,3553;3,0,3553;3,1,3553;3,2,3553;3,3,3553;3,4,3553;3,5,3553;3,6,3553;3,7,3553;3,8,3553;3,9,3553;3,10,3553;3,11,3553;3,12,3553;3,13,3553;3,14,3553;3,15,3553;3,16,3553;3,17,3553;4,0,3553;4,1,3553;4,2,3553;4,3,3553;4,4,3553;4,5,3553;4,6,3553;4,7,3553;4,8,3553;4,9,3553;4,10,3553;4,11,3553;4,12,3553;4,13,3553;4,14,3553;4,15,3553;4,16,3553;4,17,3553;5,0,3553;5,1,3553;5,2,3553;5,3,3553;5,4,3553;5,5,3553;5,6,3553;5,7,3553;5,8,3553;5,9,3553;5,10,3553;5,11,3553;5,12,3553;5,13,3553;5,14,3553;5,15,3553;5,16,3553;5,17,3553;6,0,3553;6,1,3553;6,2,3553;6,3,3553;6,4,3553;6,5,3553;6,6,3553;6,7,3553;6,8,3553;6,9,3553;6,10,3553;6,11,3553;6,12,3553;6,13,3553;6,14,3553;6,15,3553;6,16,3553;6,17,3553 --disable-accelerated-video-decode --service-request-channel-token=323CA3ED03A3EFA5DA053FE3DC49234B --renderer-client-id=6 --shared-files=v8_context_snapshot_data:100,v8_natives_data:101,v8_snapshot_data:102
vili2    10177  9991  0 9月21 pts/24  00:00:17 /opt/google/chrome/chrome --type=renderer --field-trial-handle=8166109962723165540,8907608424217149466,131072 --service-pipe-token=00E518A69E5558392F766658B4540F04 --lang=en-US --enable-crash-reporter=119f5fd0-a1e3-461b-9893-eb2dc3daa95c, --extension-process --enable-offline-auto-reload --enable-offline-auto-reload-visible-only --blink-settings=disallowFetchForDocWrittenScriptsInMainFrame=false,disallowFetchForDocWrittenScriptsInMainFrameOnSlowConnections=true --enable-pinch --num-raster-threads=2 --enable-main-frame-before-activation --enable-gpu-async-worker-context --content-image-texture-target=0,0,3553;0,1,3553;0,2,3553;0,3,3553;0,4,3553;0,5,3553;0,6,3553;0,7,3553;0,8,3553;0,9,3553;0,10,3553;0,11,3553;0,12,3553;0,13,3553;0,14,3553;0,15,3553;0,16,3553;0,17,3553;1,0,3553;1,1,3553;1,2,3553;1,3,3553;1,4,3553;1,5,3553;1,6,3553;1,7,3553;1,8,3553;1,9,3553;1,10,3553;1,11,3553;1,12,3553;1,13,3553;1,14,3553;1,15,3553;1,16,3553;1,17,3553;2,0,3553;2,1,3553;2,2,3553;2,3,3553;2,4,3553;2,5,3553;2,6,3553;2,7,3553;2,8,3553;2,9,3553;2,10,3553;2,11,3553;2,12,3553;2,13,3553;2,14,3553;2,15,3553;2,16,3553;2,17,3553;3,0,3553;3,1,3553;3,2,3553;3,3,3553;3,4,3553;3,5,3553;3,6,3553;3,7,3553;3,8,3553;3,9,3553;3,10,3553;3,11,3553;3,12,3553;3,13,3553;3,14,3553;3,15,3553;3,16,3553;3,17,3553;4,0,3553;4,1,3553;4,2,3553;4,3,3553;4,4,3553;4,5,3553;4,6,3553;4,7,3553;4,8,3553;4,9,3553;4,10,3553;4,11,3553;4,12,3553;4,13,3553;4,14,3553;4,15,3553;4,16,3553;4,17,3553;5,0,3553;5,1,3553;5,2,3553;5,3,3553;5,4,3553;5,5,3553;5,6,3553;5,7,3553;5,8,3553;5,9,3553;5,10,3553;5,11,3553;5,12,3553;5,13,3553;5,14,3553;5,15,3553;5,16,3553;5,17,3553;6,0,3553;6,1,3553;6,2,3553;6,3,3553;6,4,3553;6,5,3553;6,6,3553;6,7,3553;6,8,3553;6,9,3553;6,10,3553;6,11,3553;6,12,3553;6,13,3553;6,14,3553;6,15,3553;6,16,3553;6,17,3553 --disable-accelerated-video-decode --service-request-channel-token=00E518A69E5558392F766658B4540F04 --renderer-client-id=7 --shared-files=v8_context_snapshot_data:100,v8_natives_data:101,v8_snapshot_data:102
vili2    10188  9991  0 9月21 pts/24  00:00:26 /opt/google/chrome/chrome --type=renderer --field-trial-handle=8166109962723165540,8907608424217149466,131072 --service-pipe-token=938772C6FC8F9EF4E687806050D81B3D --lang=en-US --enable-crash-reporter=119f5fd0-a1e3-461b-9893-eb2dc3daa95c, --extension-process --enable-offline-auto-reload --enable-offline-auto-reload-visible-only --blink-settings=disallowFetchForDocWrittenScriptsInMainFrame=false,disallowFetchForDocWrittenScriptsInMainFrameOnSlowConnections=true --enable-pinch --num-raster-threads=2 --enable-main-frame-before-activation --enable-gpu-async-worker-context --content-image-texture-target=0,0,3553;0,1,3553;0,2,3553;0,3,3553;0,4,3553;0,5,3553;0,6,3553;0,7,3553;0,8,3553;0,9,3553;0,10,3553;0,11,3553;0,12,3553;0,13,3553;0,14,3553;0,15,3553;0,16,3553;0,17,3553;1,0,3553;1,1,3553;1,2,3553;1,3,3553;1,4,3553;1,5,3553;1,6,3553;1,7,3553;1,8,3553;1,9,3553;1,10,3553;1,11,3553;1,12,3553;1,13,3553;1,14,3553;1,15,3553;1,16,3553;1,17,3553;2,0,3553;2,1,3553;2,2,3553;2,3,3553;2,4,3553;2,5,3553;2,6,3553;2,7,3553;2,8,3553;2,9,3553;2,10,3553;2,11,3553;2,12,3553;2,13,3553;2,14,3553;2,15,3553;2,16,3553;2,17,3553;3,0,3553;3,1,3553;3,2,3553;3,3,3553;3,4,3553;3,5,3553;3,6,3553;3,7,3553;3,8,3553;3,9,3553;3,10,3553;3,11,3553;3,12,3553;3,13,3553;3,14,3553;3,15,3553;3,16,3553;3,17,3553;4,0,3553;4,1,3553;4,2,3553;4,3,3553;4,4,3553;4,5,3553;4,6,3553;4,7,3553;4,8,3553;4,9,3553;4,10,3553;4,11,3553;4,12,3553;4,13,3553;4,14,3553;4,15,3553;4,16,3553;4,17,3553;5,0,3553;5,1,3553;5,2,3553;5,3,3553;5,4,3553;5,5,3553;5,6,3553;5,7,3553;5,8,3553;5,9,3553;5,10,3553;5,11,3553;5,12,3553;5,13,3553;5,14,3553;5,15,3553;5,16,3553;5,17,3553;6,0,3553;6,1,3553;6,2,3553;6,3,3553;6,4,3553;6,5,3553;6,6,3553;6,7,3553;6,8,3553;6,9,3553;6,10,3553;6,11,3553;6,12,3553;6,13,3553;6,14,3553;6,15,3553;6,16,3553;6,17,3553 --disable-accelerated-video-decode --service-request-channel-token=938772C6FC8F9EF4E687806050D81B3D --renderer-client-id=8 --shared-files=v8_context_snapshot_data:100,v8_natives_data:101,v8_snapshot_data:102
vili2    10195  9991  0 9月21 pts/24  00:00:19 /opt/google/chrome/chrome --type=renderer --field-trial-handle=8166109962723165540,8907608424217149466,131072 --service-pipe-token=0C5F19A03C3D54C6491C78CA128C1FD7 --lang=en-US --enable-crash-reporter=119f5fd0-a1e3-461b-9893-eb2dc3daa95c, --extension-process --enable-offline-auto-reload --enable-offline-auto-reload-visible-only --blink-settings=disallowFetchForDocWrittenScriptsInMainFrame=false,disallowFetchForDocWrittenScriptsInMainFrameOnSlowConnections=true --enable-pinch --num-raster-threads=2 --enable-main-frame-before-activation --enable-gpu-async-worker-context --content-image-texture-target=0,0,3553;0,1,3553;0,2,3553;0,3,3553;0,4,3553;0,5,3553;0,6,3553;0,7,3553;0,8,3553;0,9,3553;0,10,3553;0,11,3553;0,12,3553;0,13,3553;0,14,3553;0,15,3553;0,16,3553;0,17,3553;1,0,3553;1,1,3553;1,2,3553;1,3,3553;1,4,3553;1,5,3553;1,6,3553;1,7,3553;1,8,3553;1,9,3553;1,10,3553;1,11,3553;1,12,3553;1,13,3553;1,14,3553;1,15,3553;1,16,3553;1,17,3553;2,0,3553;2,1,3553;2,2,3553;2,3,3553;2,4,3553;2,5,3553;2,6,3553;2,7,3553;2,8,3553;2,9,3553;2,10,3553;2,11,3553;2,12,3553;2,13,3553;2,14,3553;2,15,3553;2,16,3553;2,17,3553;3,0,3553;3,1,3553;3,2,3553;3,3,3553;3,4,3553;3,5,3553;3,6,3553;3,7,3553;3,8,3553;3,9,3553;3,10,3553;3,11,3553;3,12,3553;3,13,3553;3,14,3553;3,15,3553;3,16,3553;3,17,3553;4,0,3553;4,1,3553;4,2,3553;4,3,3553;4,4,3553;4,5,3553;4,6,3553;4,7,3553;4,8,3553;4,9,3553;4,10,3553;4,11,3553;4,12,3553;4,13,3553;4,14,3553;4,15,3553;4,16,3553;4,17,3553;5,0,3553;5,1,3553;5,2,3553;5,3,3553;5,4,3553;5,5,3553;5,6,3553;5,7,3553;5,8,3553;5,9,3553;5,10,3553;5,11,3553;5,12,3553;5,13,3553;5,14,3553;5,15,3553;5,16,3553;5,17,3553;6,0,3553;6,1,3553;6,2,3553;6,3,3553;6,4,3553;6,5,3553;6,6,3553;6,7,3553;6,8,3553;6,9,3553;6,10,3553;6,11,3553;6,12,3553;6,13,3553;6,14,3553;6,15,3553;6,16,3553;6,17,3553 --disable-accelerated-video-decode --service-request-channel-token=0C5F19A03C3D54C6491C78CA128C1FD7 --renderer-client-id=9 --shared-files=v8_context_snapshot_data:100,v8_natives_data:101,v8_snapshot_data:102
vili2    10213  9991  0 9月21 pts/24  00:00:14 /opt/google/chrome/chrome --type=renderer --field-trial-handle=8166109962723165540,8907608424217149466,131072 --service-pipe-token=73ADB9D877C8FE1B43A257738E9FC6E0 --lang=en-US --enable-crash-reporter=119f5fd0-a1e3-461b-9893-eb2dc3daa95c, --extension-process --enable-offline-auto-reload --enable-offline-auto-reload-visible-only --blink-settings=disallowFetchForDocWrittenScriptsInMainFrame=false,disallowFetchForDocWrittenScriptsInMainFrameOnSlowConnections=true --enable-pinch --num-raster-threads=2 --enable-main-frame-before-activation --enable-gpu-async-worker-context --content-image-texture-target=0,0,3553;0,1,3553;0,2,3553;0,3,3553;0,4,3553;0,5,3553;0,6,3553;0,7,3553;0,8,3553;0,9,3553;0,10,3553;0,11,3553;0,12,3553;0,13,3553;0,14,3553;0,15,3553;0,16,3553;0,17,3553;1,0,3553;1,1,3553;1,2,3553;1,3,3553;1,4,3553;1,5,3553;1,6,3553;1,7,3553;1,8,3553;1,9,3553;1,10,3553;1,11,3553;1,12,3553;1,13,3553;1,14,3553;1,15,3553;1,16,3553;1,17,3553;2,0,3553;2,1,3553;2,2,3553;2,3,3553;2,4,3553;2,5,3553;2,6,3553;2,7,3553;2,8,3553;2,9,3553;2,10,3553;2,11,3553;2,12,3553;2,13,3553;2,14,3553;2,15,3553;2,16,3553;2,17,3553;3,0,3553;3,1,3553;3,2,3553;3,3,3553;3,4,3553;3,5,3553;3,6,3553;3,7,3553;3,8,3553;3,9,3553;3,10,3553;3,11,3553;3,12,3553;3,13,3553;3,14,3553;3,15,3553;3,16,3553;3,17,3553;4,0,3553;4,1,3553;4,2,3553;4,3,3553;4,4,3553;4,5,3553;4,6,3553;4,7,3553;4,8,3553;4,9,3553;4,10,3553;4,11,3553;4,12,3553;4,13,3553;4,14,3553;4,15,3553;4,16,3553;4,17,3553;5,0,3553;5,1,3553;5,2,3553;5,3,3553;5,4,3553;5,5,3553;5,6,3553;5,7,3553;5,8,3553;5,9,3553;5,10,3553;5,11,3553;5,12,3553;5,13,3553;5,14,3553;5,15,3553;5,16,3553;5,17,3553;6,0,3553;6,1,3553;6,2,3553;6,3,3553;6,4,3553;6,5,3553;6,6,3553;6,7,3553;6,8,3553;6,9,3553;6,10,3553;6,11,3553;6,12,3553;6,13,3553;6,14,3553;6,15,3553;6,16,3553;6,17,3553 --disable-accelerated-video-decode --service-request-channel-token=73ADB9D877C8FE1B43A257738E9FC6E0 --renderer-client-id=10 --shared-files=v8_context_snapshot_data:100,v8_natives_data:101,v8_snapshot_data:102
vili2    10214  9991  0 9月21 pts/24  00:02:08 /opt/google/chrome/chrome --type=renderer --field-trial-handle=8166109962723165540,8907608424217149466,131072 --service-pipe-token=D559D647AC23855B04DF9D8D16DFE343 --lang=en-US --enable-crash-reporter=119f5fd0-a1e3-461b-9893-eb2dc3daa95c, --extension-process --enable-offline-auto-reload --enable-offline-auto-reload-visible-only --blink-settings=disallowFetchForDocWrittenScriptsInMainFrame=false,disallowFetchForDocWrittenScriptsInMainFrameOnSlowConnections=true --enable-pinch --num-raster-threads=2 --enable-main-frame-before-activation --enable-gpu-async-worker-context --content-image-texture-target=0,0,3553;0,1,3553;0,2,3553;0,3,3553;0,4,3553;0,5,3553;0,6,3553;0,7,3553;0,8,3553;0,9,3553;0,10,3553;0,11,3553;0,12,3553;0,13,3553;0,14,3553;0,15,3553;0,16,3553;0,17,3553;1,0,3553;1,1,3553;1,2,3553;1,3,3553;1,4,3553;1,5,3553;1,6,3553;1,7,3553;1,8,3553;1,9,3553;1,10,3553;1,11,3553;1,12,3553;1,13,3553;1,14,3553;1,15,3553;1,16,3553;1,17,3553;2,0,3553;2,1,3553;2,2,3553;2,3,3553;2,4,3553;2,5,3553;2,6,3553;2,7,3553;2,8,3553;2,9,3553;2,10,3553;2,11,3553;2,12,3553;2,13,3553;2,14,3553;2,15,3553;2,16,3553;2,17,3553;3,0,3553;3,1,3553;3,2,3553;3,3,3553;3,4,3553;3,5,3553;3,6,3553;3,7,3553;3,8,3553;3,9,3553;3,10,3553;3,11,3553;3,12,3553;3,13,3553;3,14,3553;3,15,3553;3,16,3553;3,17,3553;4,0,3553;4,1,3553;4,2,3553;4,3,3553;4,4,3553;4,5,3553;4,6,3553;4,7,3553;4,8,3553;4,9,3553;4,10,3553;4,11,3553;4,12,3553;4,13,3553;4,14,3553;4,15,3553;4,16,3553;4,17,3553;5,0,3553;5,1,3553;5,2,3553;5,3,3553;5,4,3553;5,5,3553;5,6,3553;5,7,3553;5,8,3553;5,9,3553;5,10,3553;5,11,3553;5,12,3553;5,13,3553;5,14,3553;5,15,3553;5,16,3553;5,17,3553;6,0,3553;6,1,3553;6,2,3553;6,3,3553;6,4,3553;6,5,3553;6,6,3553;6,7,3553;6,8,3553;6,9,3553;6,10,3553;6,11,3553;6,12,3553;6,13,3553;6,14,3553;6,15,3553;6,16,3553;6,17,3553 --disable-accelerated-video-decode --service-request-channel-token=D559D647AC23855B04DF9D8D16DFE343 --renderer-client-id=11 --shared-files=v8_context_snapshot_data:100,v8_natives_data:101,v8_snapshot_data:102
vili2    10222  9991  0 9月21 pts/24  00:22:51 /opt/google/chrome/chrome --type=renderer --field-trial-handle=8166109962723165540,8907608424217149466,131072 --service-pipe-token=3783BF49380322EF2D5F72CB0613A2E0 --lang=en-US --enable-crash-reporter=119f5fd0-a1e3-461b-9893-eb2dc3daa95c, --extension-process --enable-offline-auto-reload --enable-offline-auto-reload-visible-only --blink-settings=disallowFetchForDocWrittenScriptsInMainFrame=false,disallowFetchForDocWrittenScriptsInMainFrameOnSlowConnections=true --enable-pinch --num-raster-threads=2 --enable-main-frame-before-activation --enable-gpu-async-worker-context --content-image-texture-target=0,0,3553;0,1,3553;0,2,3553;0,3,3553;0,4,3553;0,5,3553;0,6,3553;0,7,3553;0,8,3553;0,9,3553;0,10,3553;0,11,3553;0,12,3553;0,13,3553;0,14,3553;0,15,3553;0,16,3553;0,17,3553;1,0,3553;1,1,3553;1,2,3553;1,3,3553;1,4,3553;1,5,3553;1,6,3553;1,7,3553;1,8,3553;1,9,3553;1,10,3553;1,11,3553;1,12,3553;1,13,3553;1,14,3553;1,15,3553;1,16,3553;1,17,3553;2,0,3553;2,1,3553;2,2,3553;2,3,3553;2,4,3553;2,5,3553;2,6,3553;2,7,3553;2,8,3553;2,9,3553;2,10,3553;2,11,3553;2,12,3553;2,13,3553;2,14,3553;2,15,3553;2,16,3553;2,17,3553;3,0,3553;3,1,3553;3,2,3553;3,3,3553;3,4,3553;3,5,3553;3,6,3553;3,7,3553;3,8,3553;3,9,3553;3,10,3553;3,11,3553;3,12,3553;3,13,3553;3,14,3553;3,15,3553;3,16,3553;3,17,3553;4,0,3553;4,1,3553;4,2,3553;4,3,3553;4,4,3553;4,5,3553;4,6,3553;4,7,3553;4,8,3553;4,9,3553;4,10,3553;4,11,3553;4,12,3553;4,13,3553;4,14,3553;4,15,3553;4,16,3553;4,17,3553;5,0,3553;5,1,3553;5,2,3553;5,3,3553;5,4,3553;5,5,3553;5,6,3553;5,7,3553;5,8,3553;5,9,3553;5,10,3553;5,11,3553;5,12,3553;5,13,3553;5,14,3553;5,15,3553;5,16,3553;5,17,3553;6,0,3553;6,1,3553;6,2,3553;6,3,3553;6,4,3553;6,5,3553;6,6,3553;6,7,3553;6,8,3553;6,9,3553;6,10,3553;6,11,3553;6,12,3553;6,13,3553;6,14,3553;6,15,3553;6,16,3553;6,17,3553 --disable-accelerated-video-decode --service-request-channel-token=3783BF49380322EF2D5F72CB0613A2E0 --renderer-client-id=12 --shared-files=v8_context_snapshot_data:100,v8_natives_data:101,v8_snapshot_data:102
vili2    10232  9991  0 9月21 pts/24  00:00:15 /opt/google/chrome/chrome --type=renderer --field-trial-handle=8166109962723165540,8907608424217149466,131072 --service-pipe-token=8D95180C4DD65F42F4E72E7DD3957173 --lang=en-US --enable-crash-reporter=119f5fd0-a1e3-461b-9893-eb2dc3daa95c, --extension-process --enable-offline-auto-reload --enable-offline-auto-reload-visible-only --blink-settings=disallowFetchForDocWrittenScriptsInMainFrame=false,disallowFetchForDocWrittenScriptsInMainFrameOnSlowConnections=true --enable-pinch --num-raster-threads=2 --enable-main-frame-before-activation --enable-gpu-async-worker-context --content-image-texture-target=0,0,3553;0,1,3553;0,2,3553;0,3,3553;0,4,3553;0,5,3553;0,6,3553;0,7,3553;0,8,3553;0,9,3553;0,10,3553;0,11,3553;0,12,3553;0,13,3553;0,14,3553;0,15,3553;0,16,3553;0,17,3553;1,0,3553;1,1,3553;1,2,3553;1,3,3553;1,4,3553;1,5,3553;1,6,3553;1,7,3553;1,8,3553;1,9,3553;1,10,3553;1,11,3553;1,12,3553;1,13,3553;1,14,3553;1,15,3553;1,16,3553;1,17,3553;2,0,3553;2,1,3553;2,2,3553;2,3,3553;2,4,3553;2,5,3553;2,6,3553;2,7,3553;2,8,3553;2,9,3553;2,10,3553;2,11,3553;2,12,3553;2,13,3553;2,14,3553;2,15,3553;2,16,3553;2,17,3553;3,0,3553;3,1,3553;3,2,3553;3,3,3553;3,4,3553;3,5,3553;3,6,3553;3,7,3553;3,8,3553;3,9,3553;3,10,3553;3,11,3553;3,12,3553;3,13,3553;3,14,3553;3,15,3553;3,16,3553;3,17,3553;4,0,3553;4,1,3553;4,2,3553;4,3,3553;4,4,3553;4,5,3553;4,6,3553;4,7,3553;4,8,3553;4,9,3553;4,10,3553;4,11,3553;4,12,3553;4,13,3553;4,14,3553;4,15,3553;4,16,3553;4,17,3553;5,0,3553;5,1,3553;5,2,3553;5,3,3553;5,4,3553;5,5,3553;5,6,3553;5,7,3553;5,8,3553;5,9,3553;5,10,3553;5,11,3553;5,12,3553;5,13,3553;5,14,3553;5,15,3553;5,16,3553;5,17,3553;6,0,3553;6,1,3553;6,2,3553;6,3,3553;6,4,3553;6,5,3553;6,6,3553;6,7,3553;6,8,3553;6,9,3553;6,10,3553;6,11,3553;6,12,3553;6,13,3553;6,14,3553;6,15,3553;6,16,3553;6,17,3553 --disable-accelerated-video-decode --service-request-channel-token=8D95180C4DD65F42F4E72E7DD3957173 --renderer-client-id=13 --shared-files=v8_context_snapshot_data:100,v8_natives_data:101,v8_snapshot_data:102
vili2    10248  9991  0 9月21 pts/24  00:00:16 /opt/google/chrome/chrome --type=renderer --field-trial-handle=8166109962723165540,8907608424217149466,131072 --service-pipe-token=322E2E89C880210CB431A416FF5DF0E5 --lang=en-US --enable-crash-reporter=119f5fd0-a1e3-461b-9893-eb2dc3daa95c, --extension-process --enable-offline-auto-reload --enable-offline-auto-reload-visible-only --blink-settings=disallowFetchForDocWrittenScriptsInMainFrame=false,disallowFetchForDocWrittenScriptsInMainFrameOnSlowConnections=true --enable-pinch --num-raster-threads=2 --enable-main-frame-before-activation --enable-gpu-async-worker-context --content-image-texture-target=0,0,3553;0,1,3553;0,2,3553;0,3,3553;0,4,3553;0,5,3553;0,6,3553;0,7,3553;0,8,3553;0,9,3553;0,10,3553;0,11,3553;0,12,3553;0,13,3553;0,14,3553;0,15,3553;0,16,3553;0,17,3553;1,0,3553;1,1,3553;1,2,3553;1,3,3553;1,4,3553;1,5,3553;1,6,3553;1,7,3553;1,8,3553;1,9,3553;1,10,3553;1,11,3553;1,12,3553;1,13,3553;1,14,3553;1,15,3553;1,16,3553;1,17,3553;2,0,3553;2,1,3553;2,2,3553;2,3,3553;2,4,3553;2,5,3553;2,6,3553;2,7,3553;2,8,3553;2,9,3553;2,10,3553;2,11,3553;2,12,3553;2,13,3553;2,14,3553;2,15,3553;2,16,3553;2,17,3553;3,0,3553;3,1,3553;3,2,3553;3,3,3553;3,4,3553;3,5,3553;3,6,3553;3,7,3553;3,8,3553;3,9,3553;3,10,3553;3,11,3553;3,12,3553;3,13,3553;3,14,3553;3,15,3553;3,16,3553;3,17,3553;4,0,3553;4,1,3553;4,2,3553;4,3,3553;4,4,3553;4,5,3553;4,6,3553;4,7,3553;4,8,3553;4,9,3553;4,10,3553;4,11,3553;4,12,3553;4,13,3553;4,14,3553;4,15,3553;4,16,3553;4,17,3553;5,0,3553;5,1,3553;5,2,3553;5,3,3553;5,4,3553;5,5,3553;5,6,3553;5,7,3553;5,8,3553;5,9,3553;5,10,3553;5,11,3553;5,12,3553;5,13,3553;5,14,3553;5,15,3553;5,16,3553;5,17,3553;6,0,3553;6,1,3553;6,2,3553;6,3,3553;6,4,3553;6,5,3553;6,6,3553;6,7,3553;6,8,3553;6,9,3553;6,10,3553;6,11,3553;6,12,3553;6,13,3553;6,14,3553;6,15,3553;6,16,3553;6,17,3553 --disable-accelerated-video-decode --service-request-channel-token=322E2E89C880210CB431A416FF5DF0E5 --renderer-client-id=14 --shared-files=v8_context_snapshot_data:100,v8_natives_data:101,v8_snapshot_data:102
vili2    10265  9991  0 9月21 pts/24  00:00:14 /opt/google/chrome/chrome --type=renderer --field-trial-handle=8166109962723165540,8907608424217149466,131072 --service-pipe-token=C8BE265B30A251C79B855BCC1A82FA23 --lang=en-US --enable-crash-reporter=119f5fd0-a1e3-461b-9893-eb2dc3daa95c, --extension-process --enable-offline-auto-reload --enable-offline-auto-reload-visible-only --blink-settings=disallowFetchForDocWrittenScriptsInMainFrame=false,disallowFetchForDocWrittenScriptsInMainFrameOnSlowConnections=true --enable-pinch --num-raster-threads=2 --enable-main-frame-before-activation --enable-gpu-async-worker-context --content-image-texture-target=0,0,3553;0,1,3553;0,2,3553;0,3,3553;0,4,3553;0,5,3553;0,6,3553;0,7,3553;0,8,3553;0,9,3553;0,10,3553;0,11,3553;0,12,3553;0,13,3553;0,14,3553;0,15,3553;0,16,3553;0,17,3553;1,0,3553;1,1,3553;1,2,3553;1,3,3553;1,4,3553;1,5,3553;1,6,3553;1,7,3553;1,8,3553;1,9,3553;1,10,3553;1,11,3553;1,12,3553;1,13,3553;1,14,3553;1,15,3553;1,16,3553;1,17,3553;2,0,3553;2,1,3553;2,2,3553;2,3,3553;2,4,3553;2,5,3553;2,6,3553;2,7,3553;2,8,3553;2,9,3553;2,10,3553;2,11,3553;2,12,3553;2,13,3553;2,14,3553;2,15,3553;2,16,3553;2,17,3553;3,0,3553;3,1,3553;3,2,3553;3,3,3553;3,4,3553;3,5,3553;3,6,3553;3,7,3553;3,8,3553;3,9,3553;3,10,3553;3,11,3553;3,12,3553;3,13,3553;3,14,3553;3,15,3553;3,16,3553;3,17,3553;4,0,3553;4,1,3553;4,2,3553;4,3,3553;4,4,3553;4,5,3553;4,6,3553;4,7,3553;4,8,3553;4,9,3553;4,10,3553;4,11,3553;4,12,3553;4,13,3553;4,14,3553;4,15,3553;4,16,3553;4,17,3553;5,0,3553;5,1,3553;5,2,3553;5,3,3553;5,4,3553;5,5,3553;5,6,3553;5,7,3553;5,8,3553;5,9,3553;5,10,3553;5,11,3553;5,12,3553;5,13,3553;5,14,3553;5,15,3553;5,16,3553;5,17,3553;6,0,3553;6,1,3553;6,2,3553;6,3,3553;6,4,3553;6,5,3553;6,6,3553;6,7,3553;6,8,3553;6,9,3553;6,10,3553;6,11,3553;6,12,3553;6,13,3553;6,14,3553;6,15,3553;6,16,3553;6,17,3553 --disable-accelerated-video-decode --service-request-channel-token=C8BE265B30A251C79B855BCC1A82FA23 --renderer-client-id=16 --shared-files=v8_context_snapshot_data:100,v8_natives_data:101,v8_snapshot_data:102
vili2    10268  9991  0 9月21 pts/24  00:00:14 /opt/google/chrome/chrome --type=renderer --field-trial-handle=8166109962723165540,8907608424217149466,131072 --service-pipe-token=E16106390EB4B3F95C1EA3C2A14FF2F5 --lang=en-US --enable-crash-reporter=119f5fd0-a1e3-461b-9893-eb2dc3daa95c, --extension-process --enable-offline-auto-reload --enable-offline-auto-reload-visible-only --blink-settings=disallowFetchForDocWrittenScriptsInMainFrame=false,disallowFetchForDocWrittenScriptsInMainFrameOnSlowConnections=true --enable-pinch --num-raster-threads=2 --enable-main-frame-before-activation --enable-gpu-async-worker-context --content-image-texture-target=0,0,3553;0,1,3553;0,2,3553;0,3,3553;0,4,3553;0,5,3553;0,6,3553;0,7,3553;0,8,3553;0,9,3553;0,10,3553;0,11,3553;0,12,3553;0,13,3553;0,14,3553;0,15,3553;0,16,3553;0,17,3553;1,0,3553;1,1,3553;1,2,3553;1,3,3553;1,4,3553;1,5,3553;1,6,3553;1,7,3553;1,8,3553;1,9,3553;1,10,3553;1,11,3553;1,12,3553;1,13,3553;1,14,3553;1,15,3553;1,16,3553;1,17,3553;2,0,3553;2,1,3553;2,2,3553;2,3,3553;2,4,3553;2,5,3553;2,6,3553;2,7,3553;2,8,3553;2,9,3553;2,10,3553;2,11,3553;2,12,3553;2,13,3553;2,14,3553;2,15,3553;2,16,3553;2,17,3553;3,0,3553;3,1,3553;3,2,3553;3,3,3553;3,4,3553;3,5,3553;3,6,3553;3,7,3553;3,8,3553;3,9,3553;3,10,3553;3,11,3553;3,12,3553;3,13,3553;3,14,3553;3,15,3553;3,16,3553;3,17,3553;4,0,3553;4,1,3553;4,2,3553;4,3,3553;4,4,3553;4,5,3553;4,6,3553;4,7,3553;4,8,3553;4,9,3553;4,10,3553;4,11,3553;4,12,3553;4,13,3553;4,14,3553;4,15,3553;4,16,3553;4,17,3553;5,0,3553;5,1,3553;5,2,3553;5,3,3553;5,4,3553;5,5,3553;5,6,3553;5,7,3553;5,8,3553;5,9,3553;5,10,3553;5,11,3553;5,12,3553;5,13,3553;5,14,3553;5,15,3553;5,16,3553;5,17,3553;6,0,3553;6,1,3553;6,2,3553;6,3,3553;6,4,3553;6,5,3553;6,6,3553;6,7,3553;6,8,3553;6,9,3553;6,10,3553;6,11,3553;6,12,3553;6,13,3553;6,14,3553;6,15,3553;6,16,3553;6,17,3553 --disable-accelerated-video-decode --service-request-channel-token=E16106390EB4B3F95C1EA3C2A14FF2F5 --renderer-client-id=17 --shared-files=v8_context_snapshot_data:100,v8_natives_data:101,v8_snapshot_data:102
vili2    10390  9991  0 9月21 pts/24  00:00:16 /opt/google/chrome/chrome --type=renderer --field-trial-handle=8166109962723165540,8907608424217149466,131072 --service-pipe-token=189B7BF4765782A9F99E954F7DE1C556 --lang=en-US --enable-crash-reporter=119f5fd0-a1e3-461b-9893-eb2dc3daa95c, --enable-offline-auto-reload --enable-offline-auto-reload-visible-only --blink-settings=disallowFetchForDocWrittenScriptsInMainFrame=false,disallowFetchForDocWrittenScriptsInMainFrameOnSlowConnections=true --enable-pinch --num-raster-threads=2 --enable-main-frame-before-activation --enable-gpu-async-worker-context --content-image-texture-target=0,0,3553;0,1,3553;0,2,3553;0,3,3553;0,4,3553;0,5,3553;0,6,3553;0,7,3553;0,8,3553;0,9,3553;0,10,3553;0,11,3553;0,12,3553;0,13,3553;0,14,3553;0,15,3553;0,16,3553;0,17,3553;1,0,3553;1,1,3553;1,2,3553;1,3,3553;1,4,3553;1,5,3553;1,6,3553;1,7,3553;1,8,3553;1,9,3553;1,10,3553;1,11,3553;1,12,3553;1,13,3553;1,14,3553;1,15,3553;1,16,3553;1,17,3553;2,0,3553;2,1,3553;2,2,3553;2,3,3553;2,4,3553;2,5,3553;2,6,3553;2,7,3553;2,8,3553;2,9,3553;2,10,3553;2,11,3553;2,12,3553;2,13,3553;2,14,3553;2,15,3553;2,16,3553;2,17,3553;3,0,3553;3,1,3553;3,2,3553;3,3,3553;3,4,3553;3,5,3553;3,6,3553;3,7,3553;3,8,3553;3,9,3553;3,10,3553;3,11,3553;3,12,3553;3,13,3553;3,14,3553;3,15,3553;3,16,3553;3,17,3553;4,0,3553;4,1,3553;4,2,3553;4,3,3553;4,4,3553;4,5,3553;4,6,3553;4,7,3553;4,8,3553;4,9,3553;4,10,3553;4,11,3553;4,12,3553;4,13,3553;4,14,3553;4,15,3553;4,16,3553;4,17,3553;5,0,3553;5,1,3553;5,2,3553;5,3,3553;5,4,3553;5,5,3553;5,6,3553;5,7,3553;5,8,3553;5,9,3553;5,10,3553;5,11,3553;5,12,3553;5,13,3553;5,14,3553;5,15,3553;5,16,3553;5,17,3553;6,0,3553;6,1,3553;6,2,3553;6,3,3553;6,4,3553;6,5,3553;6,6,3553;6,7,3553;6,8,3553;6,9,3553;6,10,3553;6,11,3553;6,12,3553;6,13,3553;6,14,3553;6,15,3553;6,16,3553;6,17,3553 --disable-accelerated-video-decode --service-request-channel-token=189B7BF4765782A9F99E954F7DE1C556 --renderer-client-id=22 --shared-files=v8_context_snapshot_data:100,v8_natives_data:101,v8_snapshot_data:102
vili2    10625  9991  1 9月21 pts/24  02:55:44 /opt/google/chrome/chrome --type=renderer --field-trial-handle=8166109962723165540,8907608424217149466,131072 --service-pipe-token=693FE987B60FDA6696C28403F6682474 --lang=en-US --enable-crash-reporter=119f5fd0-a1e3-461b-9893-eb2dc3daa95c, --enable-offline-auto-reload --enable-offline-auto-reload-visible-only --blink-settings=disallowFetchForDocWrittenScriptsInMainFrame=false,disallowFetchForDocWrittenScriptsInMainFrameOnSlowConnections=true --enable-pinch --num-raster-threads=2 --enable-main-frame-before-activation --enable-gpu-async-worker-context --content-image-texture-target=0,0,3553;0,1,3553;0,2,3553;0,3,3553;0,4,3553;0,5,3553;0,6,3553;0,7,3553;0,8,3553;0,9,3553;0,10,3553;0,11,3553;0,12,3553;0,13,3553;0,14,3553;0,15,3553;0,16,3553;0,17,3553;1,0,3553;1,1,3553;1,2,3553;1,3,3553;1,4,3553;1,5,3553;1,6,3553;1,7,3553;1,8,3553;1,9,3553;1,10,3553;1,11,3553;1,12,3553;1,13,3553;1,14,3553;1,15,3553;1,16,3553;1,17,3553;2,0,3553;2,1,3553;2,2,3553;2,3,3553;2,4,3553;2,5,3553;2,6,3553;2,7,3553;2,8,3553;2,9,3553;2,10,3553;2,11,3553;2,12,3553;2,13,3553;2,14,3553;2,15,3553;2,16,3553;2,17,3553;3,0,3553;3,1,3553;3,2,3553;3,3,3553;3,4,3553;3,5,3553;3,6,3553;3,7,3553;3,8,3553;3,9,3553;3,10,3553;3,11,3553;3,12,3553;3,13,3553;3,14,3553;3,15,3553;3,16,3553;3,17,3553;4,0,3553;4,1,3553;4,2,3553;4,3,3553;4,4,3553;4,5,3553;4,6,3553;4,7,3553;4,8,3553;4,9,3553;4,10,3553;4,11,3553;4,12,3553;4,13,3553;4,14,3553;4,15,3553;4,16,3553;4,17,3553;5,0,3553;5,1,3553;5,2,3553;5,3,3553;5,4,3553;5,5,3553;5,6,3553;5,7,3553;5,8,3553;5,9,3553;5,10,3553;5,11,3553;5,12,3553;5,13,3553;5,14,3553;5,15,3553;5,16,3553;5,17,3553;6,0,3553;6,1,3553;6,2,3553;6,3,3553;6,4,3553;6,5,3553;6,6,3553;6,7,3553;6,8,3553;6,9,3553;6,10,3553;6,11,3553;6,12,3553;6,13,3553;6,14,3553;6,15,3553;6,16,3553;6,17,3553 --disable-accelerated-video-decode --service-request-channel-token=693FE987B60FDA6696C28403F6682474 --renderer-client-id=32 --shared-files=v8_context_snapshot_data:100,v8_natives_data:101,v8_snapshot_data:102
vili2    10661  9991  0 9月21 pts/24  00:00:14 /opt/google/chrome/chrome --type=renderer --field-trial-handle=8166109962723165540,8907608424217149466,131072 --service-pipe-token=37790D591FD7157DD02F9D2156EF08D9 --lang=en-US --enable-crash-reporter=119f5fd0-a1e3-461b-9893-eb2dc3daa95c, --extension-process --enable-offline-auto-reload --enable-offline-auto-reload-visible-only --blink-settings=disallowFetchForDocWrittenScriptsInMainFrame=false,disallowFetchForDocWrittenScriptsInMainFrameOnSlowConnections=true --enable-pinch --num-raster-threads=2 --enable-main-frame-before-activation --enable-gpu-async-worker-context --content-image-texture-target=0,0,3553;0,1,3553;0,2,3553;0,3,3553;0,4,3553;0,5,3553;0,6,3553;0,7,3553;0,8,3553;0,9,3553;0,10,3553;0,11,3553;0,12,3553;0,13,3553;0,14,3553;0,15,3553;0,16,3553;0,17,3553;1,0,3553;1,1,3553;1,2,3553;1,3,3553;1,4,3553;1,5,3553;1,6,3553;1,7,3553;1,8,3553;1,9,3553;1,10,3553;1,11,3553;1,12,3553;1,13,3553;1,14,3553;1,15,3553;1,16,3553;1,17,3553;2,0,3553;2,1,3553;2,2,3553;2,3,3553;2,4,3553;2,5,3553;2,6,3553;2,7,3553;2,8,3553;2,9,3553;2,10,3553;2,11,3553;2,12,3553;2,13,3553;2,14,3553;2,15,3553;2,16,3553;2,17,3553;3,0,3553;3,1,3553;3,2,3553;3,3,3553;3,4,3553;3,5,3553;3,6,3553;3,7,3553;3,8,3553;3,9,3553;3,10,3553;3,11,3553;3,12,3553;3,13,3553;3,14,3553;3,15,3553;3,16,3553;3,17,3553;4,0,3553;4,1,3553;4,2,3553;4,3,3553;4,4,3553;4,5,3553;4,6,3553;4,7,3553;4,8,3553;4,9,3553;4,10,3553;4,11,3553;4,12,3553;4,13,3553;4,14,3553;4,15,3553;4,16,3553;4,17,3553;5,0,3553;5,1,3553;5,2,3553;5,3,3553;5,4,3553;5,5,3553;5,6,3553;5,7,3553;5,8,3553;5,9,3553;5,10,3553;5,11,3553;5,12,3553;5,13,3553;5,14,3553;5,15,3553;5,16,3553;5,17,3553;6,0,3553;6,1,3553;6,2,3553;6,3,3553;6,4,3553;6,5,3553;6,6,3553;6,7,3553;6,8,3553;6,9,3553;6,10,3553;6,11,3553;6,12,3553;6,13,3553;6,14,3553;6,15,3553;6,16,3553;6,17,3553 --disable-accelerated-video-decode --service-request-channel-token=37790D591FD7157DD02F9D2156EF08D9 --renderer-client-id=34 --shared-files=v8_context_snapshot_data:100,v8_natives_data:101,v8_snapshot_data:102
vili2    11310  4240  0 9月25 pts/31  00:00:00 bash
vili2    11590  4240  0 9月25 pts/32  00:00:00 bash
vili2    12020  4240  0 9月27 pts/37  00:00:00 bash
vili2    12196  9782  0 9月21 pts/24  00:00:00 /usr/bin/python /usr/bin/ipython
vili2    12236  4240  0 9月21 pts/25  00:00:00 bash
vili2    12609  9991  0 9月27 pts/24  00:03:45 /opt/google/chrome/chrome --type=renderer --field-trial-handle=8166109962723165540,8907608424217149466,131072 --service-pipe-token=2B86B6779AF8CC8856F8F7FB10AACB21 --lang=en-US --enable-crash-reporter=119f5fd0-a1e3-461b-9893-eb2dc3daa95c, --enable-offline-auto-reload --enable-offline-auto-reload-visible-only --blink-settings=disallowFetchForDocWrittenScriptsInMainFrame=false,disallowFetchForDocWrittenScriptsInMainFrameOnSlowConnections=true --enable-pinch --num-raster-threads=2 --enable-main-frame-before-activation --enable-gpu-async-worker-context --content-image-texture-target=0,0,3553;0,1,3553;0,2,3553;0,3,3553;0,4,3553;0,5,3553;0,6,3553;0,7,3553;0,8,3553;0,9,3553;0,10,3553;0,11,3553;0,12,3553;0,13,3553;0,14,3553;0,15,3553;0,16,3553;0,17,3553;1,0,3553;1,1,3553;1,2,3553;1,3,3553;1,4,3553;1,5,3553;1,6,3553;1,7,3553;1,8,3553;1,9,3553;1,10,3553;1,11,3553;1,12,3553;1,13,3553;1,14,3553;1,15,3553;1,16,3553;1,17,3553;2,0,3553;2,1,3553;2,2,3553;2,3,3553;2,4,3553;2,5,3553;2,6,3553;2,7,3553;2,8,3553;2,9,3553;2,10,3553;2,11,3553;2,12,3553;2,13,3553;2,14,3553;2,15,3553;2,16,3553;2,17,3553;3,0,3553;3,1,3553;3,2,3553;3,3,3553;3,4,3553;3,5,3553;3,6,3553;3,7,3553;3,8,3553;3,9,3553;3,10,3553;3,11,3553;3,12,3553;3,13,3553;3,14,3553;3,15,3553;3,16,3553;3,17,3553;4,0,3553;4,1,3553;4,2,3553;4,3,3553;4,4,3553;4,5,3553;4,6,3553;4,7,3553;4,8,3553;4,9,3553;4,10,3553;4,11,3553;4,12,3553;4,13,3553;4,14,3553;4,15,3553;4,16,3553;4,17,3553;5,0,3553;5,1,3553;5,2,3553;5,3,3553;5,4,3553;5,5,3553;5,6,3553;5,7,3553;5,8,3553;5,9,3553;5,10,3553;5,11,3553;5,12,3553;5,13,3553;5,14,3553;5,15,3553;5,16,3553;5,17,3553;6,0,3553;6,1,3553;6,2,3553;6,3,3553;6,4,3553;6,5,3553;6,6,3553;6,7,3553;6,8,3553;6,9,3553;6,10,3553;6,11,3553;6,12,3553;6,13,3553;6,14,3553;6,15,3553;6,16,3553;6,17,3553 --disable-accelerated-video-decode --service-request-channel-token=2B86B6779AF8CC8856F8F7FB10AACB21 --renderer-client-id=7206 --shared-files=v8_context_snapshot_data:100,v8_natives_data:101,v8_snapshot_data:102
vili2    13677  7893  0 9月20 ?       00:00:00 /bin/sh -c x-terminal-emulator -T "Bash" -e /bin/bash --login
vili2    13678 13677  0 9月20 ?       00:00:00 xterm -class UXTerm -title uxterm -u8 -T Bash -e /bin/bash --login
vili2    13683 13678  0 9月20 pts/1   00:00:00 /bin/bash --login
vili2    13847  7944  0 9月20 pts/0   00:00:00 sh run_talktobook.sh
root     14436  2618  0 9月26 ?       00:00:00 docker-containerd-shim e621bc1e972c81b85aa570627b3f75f4ac53ec6cb3003a2c10a347151bee38f8 /var/run/docker/libcontainerd/e621bc1e972c81b85aa570627b3f75f4ac53ec6cb3003a2c10a347151bee38f8 docker-runc
root     14453 14436  0 9月26 ?       00:00:00 /bin/bash
root     14524  2618  0 9月26 ?       00:00:00 docker-containerd-shim e621bc1e972c81b85aa570627b3f75f4ac53ec6cb3003a2c10a347151bee38f8 /var/run/docker/libcontainerd/e621bc1e972c81b85aa570627b3f75f4ac53ec6cb3003a2c10a347151bee38f8 docker-runc
root     14541 14524  0 9月26 pts/0   00:00:00 /bin/bash
vili2    15637 13847  0 9月22 pts/0   00:00:12 python talktobook.py --token=2eft3u7ljf0ialm6qdgt0e0328a66b
vili2    15644 15637  0 9月22 pts/0   00:00:03 chromedriver --port=34349
vili2    15652 15644  0 9月22 pts/0   00:45:46 /opt/google/chrome/chrome --no-sandbox --disable-background-networking --disable-client-side-phishing-detection --disable-default-apps --disable-hang-monitor --disable-popup-blocking --disable-prompt-on-repost --disable-sync --disable-web-resources --enable-automation --enable-logging --force-fieldtrials=SiteIsolationExtensions/Control --ignore-certificate-errors --load-extension=/tmp/.org.chromium.Chromium.qrC81W/internal --log-level=0 --metrics-recording-only --no-first-run --password-store=basic --remote-debugging-port=0 --test-type=webdriver --use-mock-keychain --user-data-dir=/tmp/.org.chromium.Chromium.k16oi3 data:,
vili2    15657 15652  0 9月22 pts/0   00:00:00 cat
vili2    15658 15652  0 9月22 pts/0   00:00:00 cat
vili2    15660 15652  0 9月22 pts/0   00:00:00 /opt/google/chrome/chrome --type=zygote --no-sandbox --enable-logging --log-level=0 --user-data-dir=/tmp/.org.chromium.Chromium.k16oi3
vili2    15661 15660  0 9月22 pts/0   00:00:00 /opt/google/chrome/nacl_helper --no-sandbox
vili2    15683 15652  0 9月22 pts/0   00:00:07 /opt/google/chrome/chrome --type=gpu-process --field-trial-handle=12761921196009655314,2656591885968932508,131072 --enable-logging --log-level=0 --no-sandbox --user-data-dir=/tmp/.org.chromium.Chromium.k16oi3 --gpu-preferences=KAAAAAAAAACAAACAAQAAAAAAAAAAAGAAEAAAAAAAAAAAAAAAAAAAAAgAAAAAAAAA --user-data-dir=/tmp/.org.chromium.Chromium.k16oi3 --enable-logging --log-level=0 --service-request-channel-token=BEEC82781E32FEB107C562D3E10F2502
vili2    15764 15660  0 9月22 pts/0   00:00:11 /opt/google/chrome/chrome --type=renderer --enable-automation --enable-logging --log-level=0 --no-sandbox --test-type=webdriver --field-trial-handle=12761921196009655314,2656591885968932508,131072 --disable-gpu-compositing --service-pipe-token=9E8F173215163A9D95FB2889FD51883C --lang=en-US --user-data-dir=/tmp/.org.chromium.Chromium.k16oi3 --extension-process --disable-client-side-phishing-detection --enable-offline-auto-reload --enable-offline-auto-reload-visible-only --num-raster-threads=2 --enable-main-frame-before-activation --service-request-channel-token=9E8F173215163A9D95FB2889FD51883C --renderer-client-id=4 --shared-files=v8_context_snapshot_data:100,v8_natives_data:101
vili2    15822 15660  0 9月22 pts/0   01:33:00 /opt/google/chrome/chrome --type=renderer --enable-automation --enable-logging --log-level=0 --no-sandbox --test-type=webdriver --field-trial-handle=12761921196009655314,2656591885968932508,131072 --disable-gpu-compositing --service-pipe-token=EC9E404AED81708030A68118230A3609 --lang=en-US --user-data-dir=/tmp/.org.chromium.Chromium.k16oi3 --disable-client-side-phishing-detection --enable-offline-auto-reload --enable-offline-auto-reload-visible-only --num-raster-threads=2 --enable-main-frame-before-activation --service-request-channel-token=EC9E404AED81708030A68118230A3609 --renderer-client-id=5 --shared-files=v8_context_snapshot_data:100,v8_natives_data:101
vili2    16525  4240  0 9月26 pts/33  00:00:00 bash
vili2    16536  4240  0 9月27 pts/42  00:00:00 bash
vili2    16964  4240  0 9月26 pts/34  00:00:00 bash
vili2    17224  3147  0 9月26 pts/34  00:00:06 ssh -x -a -oClearAllForwardings=yes -2 test@10.19.226.214 -s sftp
vili2    17226  3147  0 9月26 ?       00:00:04 sshfs test@10.19.226.214:/raid qa98_raid/
vili2    17683  3147  0 9月20 ?       00:00:00 /usr/lib/x86_64-linux-gnu/gconf/gconfd-2
vili2    18675  4240  0 9月25 pts/26  00:00:00 bash
vili2    19364  4240  0 9月26 pts/35  00:00:00 bash
vili2    19562  4240  0 9月27 pts/43  00:00:00 bash
vili2    19658 19364  0 9月26 pts/35  00:00:00 ssh test@10.19.189.198
vili2    20830  4240  0 9月27 pts/38  00:00:00 bash
debian-+ 21001     1  0 9月27 ?       00:01:36 /usr/bin/tor --defaults-torrc /usr/share/tor/tor-service-defaults-torrc -f /etc/tor/torrc --RunAsDaemon 0
vili2    21595  4240  0 9月28 pts/2   00:00:00 bash
vili2    21765 21595  0 9月28 pts/2   00:00:00 /usr/bin/python /usr/bin/ipython
vili2    22198  9991  0 9月28 pts/24  00:02:41 /opt/google/chrome/chrome --type=renderer --field-trial-handle=8166109962723165540,8907608424217149466,131072 --service-pipe-token=40F0349F891354295FFFC04B34A2F7B3 --lang=en-US --enable-crash-reporter=119f5fd0-a1e3-461b-9893-eb2dc3daa95c, --enable-offline-auto-reload --enable-offline-auto-reload-visible-only --blink-settings=disallowFetchForDocWrittenScriptsInMainFrame=false,disallowFetchForDocWrittenScriptsInMainFrameOnSlowConnections=true --enable-pinch --num-raster-threads=2 --enable-main-frame-before-activation --enable-gpu-async-worker-context --content-image-texture-target=0,0,3553;0,1,3553;0,2,3553;0,3,3553;0,4,3553;0,5,3553;0,6,3553;0,7,3553;0,8,3553;0,9,3553;0,10,3553;0,11,3553;0,12,3553;0,13,3553;0,14,3553;0,15,3553;0,16,3553;0,17,3553;1,0,3553;1,1,3553;1,2,3553;1,3,3553;1,4,3553;1,5,3553;1,6,3553;1,7,3553;1,8,3553;1,9,3553;1,10,3553;1,11,3553;1,12,3553;1,13,3553;1,14,3553;1,15,3553;1,16,3553;1,17,3553;2,0,3553;2,1,3553;2,2,3553;2,3,3553;2,4,3553;2,5,3553;2,6,3553;2,7,3553;2,8,3553;2,9,3553;2,10,3553;2,11,3553;2,12,3553;2,13,3553;2,14,3553;2,15,3553;2,16,3553;2,17,3553;3,0,3553;3,1,3553;3,2,3553;3,3,3553;3,4,3553;3,5,3553;3,6,3553;3,7,3553;3,8,3553;3,9,3553;3,10,3553;3,11,3553;3,12,3553;3,13,3553;3,14,3553;3,15,3553;3,16,3553;3,17,3553;4,0,3553;4,1,3553;4,2,3553;4,3,3553;4,4,3553;4,5,3553;4,6,3553;4,7,3553;4,8,3553;4,9,3553;4,10,3553;4,11,3553;4,12,3553;4,13,3553;4,14,3553;4,15,3553;4,16,3553;4,17,3553;5,0,3553;5,1,3553;5,2,3553;5,3,3553;5,4,3553;5,5,3553;5,6,3553;5,7,3553;5,8,3553;5,9,3553;5,10,3553;5,11,3553;5,12,3553;5,13,3553;5,14,3553;5,15,3553;5,16,3553;5,17,3553;6,0,3553;6,1,3553;6,2,3553;6,3,3553;6,4,3553;6,5,3553;6,6,3553;6,7,3553;6,8,3553;6,9,3553;6,10,3553;6,11,3553;6,12,3553;6,13,3553;6,14,3553;6,15,3553;6,16,3553;6,17,3553 --disable-accelerated-video-decode --service-request-channel-token=40F0349F891354295FFFC04B34A2F7B3 --renderer-client-id=8119 --shared-files=v8_context_snapshot_data:100,v8_natives_data:101,v8_snapshot_data:102
vili2    22759  9991  0 9月28 pts/24  00:00:06 /opt/google/chrome/chrome --type=renderer --field-trial-handle=8166109962723165540,8907608424217149466,131072 --service-pipe-token=F6D074F020883E4517C8E34A2489F7C0 --lang=en-US --enable-crash-reporter=119f5fd0-a1e3-461b-9893-eb2dc3daa95c, --extension-process --enable-offline-auto-reload --enable-offline-auto-reload-visible-only --blink-settings=disallowFetchForDocWrittenScriptsInMainFrame=false,disallowFetchForDocWrittenScriptsInMainFrameOnSlowConnections=true --enable-pinch --num-raster-threads=2 --enable-main-frame-before-activation --enable-gpu-async-worker-context --content-image-texture-target=0,0,3553;0,1,3553;0,2,3553;0,3,3553;0,4,3553;0,5,3553;0,6,3553;0,7,3553;0,8,3553;0,9,3553;0,10,3553;0,11,3553;0,12,3553;0,13,3553;0,14,3553;0,15,3553;0,16,3553;0,17,3553;1,0,3553;1,1,3553;1,2,3553;1,3,3553;1,4,3553;1,5,3553;1,6,3553;1,7,3553;1,8,3553;1,9,3553;1,10,3553;1,11,3553;1,12,3553;1,13,3553;1,14,3553;1,15,3553;1,16,3553;1,17,3553;2,0,3553;2,1,3553;2,2,3553;2,3,3553;2,4,3553;2,5,3553;2,6,3553;2,7,3553;2,8,3553;2,9,3553;2,10,3553;2,11,3553;2,12,3553;2,13,3553;2,14,3553;2,15,3553;2,16,3553;2,17,3553;3,0,3553;3,1,3553;3,2,3553;3,3,3553;3,4,3553;3,5,3553;3,6,3553;3,7,3553;3,8,3553;3,9,3553;3,10,3553;3,11,3553;3,12,3553;3,13,3553;3,14,3553;3,15,3553;3,16,3553;3,17,3553;4,0,3553;4,1,3553;4,2,3553;4,3,3553;4,4,3553;4,5,3553;4,6,3553;4,7,3553;4,8,3553;4,9,3553;4,10,3553;4,11,3553;4,12,3553;4,13,3553;4,14,3553;4,15,3553;4,16,3553;4,17,3553;5,0,3553;5,1,3553;5,2,3553;5,3,3553;5,4,3553;5,5,3553;5,6,3553;5,7,3553;5,8,3553;5,9,3553;5,10,3553;5,11,3553;5,12,3553;5,13,3553;5,14,3553;5,15,3553;5,16,3553;5,17,3553;6,0,3553;6,1,3553;6,2,3553;6,3,3553;6,4,3553;6,5,3553;6,6,3553;6,7,3553;6,8,3553;6,9,3553;6,10,3553;6,11,3553;6,12,3553;6,13,3553;6,14,3553;6,15,3553;6,16,3553;6,17,3553 --disable-accelerated-video-decode --service-request-channel-token=F6D074F020883E4517C8E34A2489F7C0 --renderer-client-id=7848 --shared-files=v8_context_snapshot_data:100,v8_natives_data:101,v8_snapshot_data:102
vili2    23589  3147  0 9月26 ?       00:00:00 /usr/lib/gvfs/gvfsd-http --spawner :1.5 /org/gtk/gvfs/exec_spaw/8
vili2    25833  9991  0 9月26 pts/24  00:00:02 /opt/google/chrome/chrome --type=utility --field-trial-handle=8166109962723165540,8907608424217149466,131072 --lang=en-US --service-sandbox-type=utility --enable-crash-reporter=119f5fd0-a1e3-461b-9893-eb2dc3daa95c, --service-request-channel-token=E529DA659AE0CA579B1E86ACBDD939D5 --shared-files=v8_context_snapshot_data:100,v8_natives_data:101,v8_snapshot_data:102
root     25852  1653  0 16:27 ?        00:00:00 sshd: vili2 [priv]
vili2    25960 25852  0 16:27 ?        00:00:00 sshd: vili2@pts/19
vili2    25961 25960  0 16:27 pts/19   00:00:00 -bash
vili2    26274 16964  0 9月28 pts/34  00:00:00 vim build.log
vili2    27278 16525  0 9月28 pts/33  00:00:00 ssh test@10.19.226.214
vili2    29728  3147  0 9月21 ?       00:00:00 /usr/lib/gvfs/gvfsd-network --spawner :1.5 /org/gtk/gvfs/exec_spaw/2
vili2    29747  3147  0 9月21 ?       00:00:00 /usr/lib/gvfs/gvfsd-smb-browse --spawner :1.5 /org/gtk/gvfs/exec_spaw/4
vili2    29767  3147  0 9月21 ?       00:00:00 /usr/lib/gvfs/gvfsd-dnssd --spawner :1.5 /org/gtk/gvfs/exec_spaw/6
vili2    30055  4240  0 9月25 pts/27  00:00:00 bash
vili2    30175  4240  0 9月21 pts/18  00:00:00 bash
vili2    31456  4240  0 9月21 pts/20  00:00:00 bash
vili2    31464  3147  0 9月25 ?       00:00:00 /usr/lib/gvfs/gvfsd-metadata
vili2    31863  4240  0 9月21 pts/21  00:00:00 bash
vili2    32033 31863  0 9月21 pts/21  00:00:00 /usr/bin/python /usr/bin/ipython
vili2    32174  4240  0 9月21 pts/22  00:00:01 bash
vili2    32583  9991  1 9月27 pts/24  00:44:05 /opt/google/chrome/chrome --type=renderer --field-trial-handle=8166109962723165540,8907608424217149466,131072 --service-pipe-token=31B422A0E07D8DA585EA2CDB0D662882 --lang=en-US --enable-crash-reporter=119f5fd0-a1e3-461b-9893-eb2dc3daa95c, --enable-offline-auto-reload --enable-offline-auto-reload-visible-only --blink-settings=disallowFetchForDocWrittenScriptsInMainFrame=false,disallowFetchForDocWrittenScriptsInMainFrameOnSlowConnections=true --enable-pinch --num-raster-threads=2 --enable-main-frame-before-activation --enable-gpu-async-worker-context --content-image-texture-target=0,0,3553;0,1,3553;0,2,3553;0,3,3553;0,4,3553;0,5,3553;0,6,3553;0,7,3553;0,8,3553;0,9,3553;0,10,3553;0,11,3553;0,12,3553;0,13,3553;0,14,3553;0,15,3553;0,16,3553;0,17,3553;1,0,3553;1,1,3553;1,2,3553;1,3,3553;1,4,3553;1,5,3553;1,6,3553;1,7,3553;1,8,3553;1,9,3553;1,10,3553;1,11,3553;1,12,3553;1,13,3553;1,14,3553;1,15,3553;1,16,3553;1,17,3553;2,0,3553;2,1,3553;2,2,3553;2,3,3553;2,4,3553;2,5,3553;2,6,3553;2,7,3553;2,8,3553;2,9,3553;2,10,3553;2,11,3553;2,12,3553;2,13,3553;2,14,3553;2,15,3553;2,16,3553;2,17,3553;3,0,3553;3,1,3553;3,2,3553;3,3,3553;3,4,3553;3,5,3553;3,6,3553;3,7,3553;3,8,3553;3,9,3553;3,10,3553;3,11,3553;3,12,3553;3,13,3553;3,14,3553;3,15,3553;3,16,3553;3,17,3553;4,0,3553;4,1,3553;4,2,3553;4,3,3553;4,4,3553;4,5,3553;4,6,3553;4,7,3553;4,8,3553;4,9,3553;4,10,3553;4,11,3553;4,12,3553;4,13,3553;4,14,3553;4,15,3553;4,16,3553;4,17,3553;5,0,3553;5,1,3553;5,2,3553;5,3,3553;5,4,3553;5,5,3553;5,6,3553;5,7,3553;5,8,3553;5,9,3553;5,10,3553;5,11,3553;5,12,3553;5,13,3553;5,14,3553;5,15,3553;5,16,3553;5,17,3553;6,0,3553;6,1,3553;6,2,3553;6,3,3553;6,4,3553;6,5,3553;6,6,3553;6,7,3553;6,8,3553;6,9,3553;6,10,3553;6,11,3553;6,12,3553;6,13,3553;6,14,3553;6,15,3553;6,16,3553;6,17,3553 --disable-accelerated-video-decode --service-request-channel-token=31B422A0E07D8DA585EA2CDB0D662882 --renderer-client-id=7507 --shared-files=v8_context_snapshot_data:100,v8_natives_data:101,v8_snapshot_data:102
