devtools-qa29
    description: Desktop Computer
    product: System Product Name (SKU)
    vendor: System manufacturer
    version: System Version
    serial: System Serial Number
    width: 64 bits
    capabilities: smbios-3.0 dmi-3.0 smp vsyscall32
    configuration: boot=normal chassis=desktop family=To be filled by O.E.M. sku=SKU uuid=C8E911C7-3209-13DA-3647-107B447CB171
  *-core
       description: Motherboard
       product: PRIME B250M-PLUS
       vendor: ASUSTeK COMPUTER INC.
       physical id: 0
       version: Rev X.0x
       serial: 170910897705106
       slot: Default string
     *-firmware
          description: BIOS
          vendor: American Megatrends Inc.
          physical id: 0
          version: 0809
          date: 07/10/2017
          size: 64KiB
          capacity: 15MiB
          capabilities: pci apm upgrade shadowing cdboot bootselect socketedrom edd int13floppy1200 int13floppy720 int13floppy2880 int5printscreen int9keyboard int14serial int17printer acpi usb biosbootspecification uefi
     *-memory
          description: System Memory
          physical id: 3e
          slot: System board or motherboard
          size: 16GiB
        *-bank:0
             description: [empty]
             physical id: 0
             slot: ChannelA-DIMM1
        *-bank:1
             description: DIMM DDR4 Synchronous Unbuffered (Unregistered) 2400 MHz (0.4 ns)
             product: KHX2400C15/8G
             vendor: Kingston
             physical id: 1
             serial: A02E8928
             slot: ChannelA-DIMM2
             size: 8GiB
             width: 64 bits
             clock: 2400MHz (0.4ns)
        *-bank:2
             description: [empty]
             physical id: 2
             slot: ChannelB-DIMM1
        *-bank:3
             description: DIMM DDR4 Synchronous Unbuffered (Unregistered) 2400 MHz (0.4 ns)
             product: KHX2400C15/8G
             vendor: Kingston
             physical id: 3
             serial: A12E8828
             slot: ChannelB-DIMM2
             size: 8GiB
             width: 64 bits
             clock: 2400MHz (0.4ns)
     *-cache:0
          description: L1 cache
          physical id: 44
          slot: L1 Cache
          size: 256KiB
          capacity: 256KiB
          capabilities: synchronous internal write-back unified
          configuration: level=1
     *-cache:1
          description: L2 cache
          physical id: 45
          slot: L2 Cache
          size: 1MiB
          capacity: 1MiB
          capabilities: synchronous internal write-back unified
          configuration: level=2
     *-cache:2
          description: L3 cache
          physical id: 46
          slot: L3 Cache
          size: 8MiB
          capacity: 8MiB
          capabilities: synchronous internal write-back unified
          configuration: level=3
     *-cpu
          description: CPU
          product: Intel(R) Core(TM) i7-7700 CPU @ 3.60GHz
          vendor: Intel Corp.
          physical id: 47
          bus info: cpu@0
          version: Intel(R) Core(TM) i7-7700 CPU @ 3.60GHz
          serial: To Be Filled By O.E.M.
          slot: LGA1151
          size: 4177MHz
          capacity: 4200MHz
          width: 64 bits
          clock: 100MHz
          capabilities: x86-64 fpu fpu_exception wp vme de pse tsc msr pae mce cx8 apic sep mtrr pge mca cmov pat pse36 clflush dts acpi mmx fxsr sse sse2 ss ht tm pbe syscall nx pdpe1gb rdtscp constant_tsc art arch_perfmon pebs bts rep_good nopl xtopology nonstop_tsc cpuid aperfmperf tsc_known_freq pni pclmulqdq dtes64 monitor ds_cpl vmx smx est tm2 ssse3 sdbg fma cx16 xtpr pdcm pcid sse4_1 sse4_2 x2apic movbe popcnt tsc_deadline_timer aes xsave avx f16c rdrand lahf_lm abm 3dnowprefetch cpuid_fault invpcid_single pti tpr_shadow vnmi flexpriority ept vpid fsgsbase tsc_adjust bmi1 hle avx2 smep bmi2 erms invpcid rtm mpx rdseed adx smap clflushopt intel_pt xsaveopt xsavec xgetbv1 xsaves dtherm ida arat pln pts hwp hwp_notify hwp_act_window hwp_epp cpufreq
          configuration: cores=4 enabledcores=4 threads=8
     *-pci
          description: Host bridge
          product: Intel Corporation
          vendor: Intel Corporation
          physical id: 100
          bus info: pci@0000:00:00.0
          version: 05
          width: 32 bits
          clock: 33MHz
        *-pci:0
             description: PCI bridge
             product: Skylake PCIe Controller (x16)
             vendor: Intel Corporation
             physical id: 1
             bus info: pci@0000:00:01.0
             version: 05
             width: 32 bits
             clock: 33MHz
             capabilities: pci pm msi pciexpress normal_decode bus_master cap_list
             configuration: driver=pcieport
             resources: irq:16 ioport:e000(size=4096) memory:f6000000-f70fffff ioport:e0000000(size=301989888)
           *-display
                description: VGA compatible controller
                product: GP102 [GeForce GTX 1080 Ti]
                vendor: NVIDIA Corporation
                physical id: 0
                bus info: pci@0000:01:00.0
                version: a1
                width: 64 bits
                clock: 33MHz
                capabilities: pm msi pciexpress vga_controller bus_master cap_list rom
                configuration: driver=nvidia latency=0
                resources: irq:16 memory:f6000000-f6ffffff memory:e0000000-efffffff memory:f0000000-f1ffffff ioport:e000(size=128) memory:c0000-dffff
           *-multimedia
                description: Audio device
                product: GP102 HDMI Audio Controller
                vendor: NVIDIA Corporation
                physical id: 0.1
                bus info: pci@0000:01:00.1
                version: a1
                width: 32 bits
                clock: 33MHz
                capabilities: pm msi pciexpress bus_master cap_list
                configuration: driver=snd_hda_intel latency=0
                resources: irq:17 memory:f7080000-f7083fff
        *-usb
             description: USB controller
             product: 200 Series PCH USB 3.0 xHCI Controller
             vendor: Intel Corporation
             physical id: 14
             bus info: pci@0000:00:14.0
             version: 00
             width: 64 bits
             clock: 33MHz
             capabilities: pm msi xhci bus_master cap_list
             configuration: driver=xhci_hcd latency=0
             resources: irq:122 memory:f7130000-f713ffff
           *-usbhost:0
                product: xHCI Host Controller
                vendor: Linux 4.15.0-20-generic xhci-hcd
                physical id: 0
                bus info: usb@1
                logical name: usb1
                version: 4.15
                capabilities: usb-2.00
                configuration: driver=hub slots=12 speed=480Mbit/s
              *-usb:0
                   description: Keyboard
                   product: Comfort Curve Keyboard 3000
                   vendor: Microsoft
                   physical id: 3
                   bus info: usb@1:3
                   version: 1.01
                   capabilities: usb-2.00
                   configuration: driver=usbhid maxpower=100mA speed=2Mbit/s
              *-usb:1
                   description: Mouse
                   product: Microsoft Basic Optical Mouse v2.0
                   vendor: Microsoft
                   physical id: 4
                   bus info: usb@1:4
                   version: 1.04
                   capabilities: usb-1.10
                   configuration: driver=usbhid maxpower=100mA speed=2Mbit/s
           *-usbhost:1
                product: xHCI Host Controller
                vendor: Linux 4.15.0-20-generic xhci-hcd
                physical id: 1
                bus info: usb@2
                logical name: usb2
                version: 4.15
                capabilities: usb-3.00
                configuration: driver=hub slots=6 speed=5000Mbit/s
        *-communication
             description: Communication controller
             product: 200 Series PCH CSME HECI #1
             vendor: Intel Corporation
             physical id: 16
             bus info: pci@0000:00:16.0
             version: 00
             width: 64 bits
             clock: 33MHz
             capabilities: pm msi bus_master cap_list
             configuration: driver=mei_me latency=0
             resources: irq:126 memory:f714d000-f714dfff
        *-storage
             description: SATA controller
             product: 200 Series PCH SATA controller [AHCI mode]
             vendor: Intel Corporation
             physical id: 17
             bus info: pci@0000:00:17.0
             version: 00
             width: 32 bits
             clock: 66MHz
             capabilities: storage msi pm ahci_1.0 bus_master cap_list
             configuration: driver=ahci latency=0
             resources: irq:123 memory:f7148000-f7149fff memory:f714c000-f714c0ff ioport:f050(size=8) ioport:f040(size=4) ioport:f020(size=32) memory:f714b000-f714b7ff
        *-pci:1
             description: PCI bridge
             product: 200 Series PCH PCI Express Root Port #5
             vendor: Intel Corporation
             physical id: 1c
             bus info: pci@0000:00:1c.0
             version: f0
             width: 32 bits
             clock: 33MHz
             capabilities: pci pciexpress msi pm normal_decode bus_master cap_list
             configuration: driver=pcieport
             resources: irq:120 ioport:d000(size=4096) memory:f4000000-f50fffff ioport:c0000000(size=301989888)
           *-display
                description: VGA compatible controller
                product: GM107GL [Quadro K620]
                vendor: NVIDIA Corporation
                physical id: 0
                bus info: pci@0000:02:00.0
                version: a2
                width: 64 bits
                clock: 33MHz
                capabilities: pm msi pciexpress vga_controller bus_master cap_list rom
                configuration: driver=nvidia latency=0
                resources: irq:16 memory:f4000000-f4ffffff memory:c0000000-cfffffff memory:d0000000-d1ffffff ioport:d000(size=128) memory:f5000000-f507ffff
           *-multimedia
                description: Audio device
                product: NVIDIA Corporation
                vendor: NVIDIA Corporation
                physical id: 0.1
                bus info: pci@0000:02:00.1
                version: a1
                width: 32 bits
                clock: 33MHz
                capabilities: pm msi pciexpress bus_master cap_list
                configuration: driver=snd_hda_intel latency=0
                resources: irq:17 memory:f5080000-f5083fff
        *-pci:2
             description: PCI bridge
             product: 200 Series PCH PCI Express Root Port #9
             vendor: Intel Corporation
             physical id: 1d
             bus info: pci@0000:00:1d.0
             version: f0
             width: 32 bits
             clock: 33MHz
             capabilities: pci pciexpress msi pm normal_decode bus_master cap_list
             configuration: driver=pcieport
             resources: irq:16 ioport:2000(size=4096) memory:a8000000-a81fffff ioport:a8200000(size=2097152)
        *-pci:3
             description: PCI bridge
             product: 200 Series PCH PCI Express Root Port #11
             vendor: Intel Corporation
             physical id: 1d.2
             bus info: pci@0000:00:1d.2
             version: f0
             width: 32 bits
             clock: 33MHz
             capabilities: pci pciexpress msi pm normal_decode bus_master cap_list
             configuration: driver=pcieport
             resources: irq:121 ioport:c000(size=4096) ioport:f2100000(size=1048576)
           *-network
                description: Ethernet interface
                product: RTL8111/8168/8411 PCI Express Gigabit Ethernet Controller
                vendor: Realtek Semiconductor Co., Ltd.
                physical id: 0
                bus info: pci@0000:04:00.0
                logical name: enp4s0
                version: 07
                serial: 00:e0:4c:68:04:46
                size: 1Gbit/s
                capacity: 1Gbit/s
                width: 64 bits
                clock: 33MHz
                capabilities: pm msi pciexpress msix vpd bus_master cap_list ethernet physical tp mii 10bt 10bt-fd 100bt 100bt-fd 1000bt 1000bt-fd autonegotiation
                configuration: autonegotiation=on broadcast=yes driver=r8169 driverversion=2.3LK-NAPI duplex=full firmware=rtl8168e-3_0.0.4 03/27/12 ip=10.19.226.193 latency=0 link=yes multicast=yes port=MII speed=1Gbit/s
                resources: irq:124 ioport:c000(size=256) memory:f2104000-f2104fff memory:f2100000-f2103fff
        *-isa
             description: ISA bridge
             product: 200 Series PCH LPC Controller (B250)
             vendor: Intel Corporation
             physical id: 1f
             bus info: pci@0000:00:1f.0
             version: 00
             width: 32 bits
             clock: 33MHz
             capabilities: isa bus_master
             configuration: latency=0
        *-memory UNCLAIMED
             description: Memory controller
             product: 200 Series PCH PMC
             vendor: Intel Corporation
             physical id: 1f.2
             bus info: pci@0000:00:1f.2
             version: 00
             width: 32 bits
             clock: 33MHz (30.3ns)
             capabilities: bus_master
             configuration: latency=0
             resources: memory:f7144000-f7147fff
        *-multimedia
             description: Audio device
             product: 200 Series PCH HD Audio
             vendor: Intel Corporation
             physical id: 1f.3
             bus info: pci@0000:00:1f.3
             version: 00
             width: 64 bits
             clock: 33MHz
             capabilities: pm msi bus_master cap_list
             configuration: driver=snd_hda_intel latency=32
             resources: irq:127 memory:f7140000-f7143fff memory:f7120000-f712ffff
        *-serial UNCLAIMED
             description: SMBus
             product: 200 Series PCH SMBus Controller
             vendor: Intel Corporation
             physical id: 1f.4
             bus info: pci@0000:00:1f.4
             version: 00
             width: 64 bits
             clock: 33MHz
             configuration: latency=0
             resources: memory:f714a000-f714a0ff ioport:f000(size=32)
        *-network
             description: Ethernet interface
             product: Ethernet Connection (2) I219-V
             vendor: Intel Corporation
             physical id: 1f.6
             bus info: pci@0000:00:1f.6
             logical name: enp0s31f6
             version: 00
             serial: 10:7b:44:7c:b1:71
             capacity: 1Gbit/s
             width: 32 bits
             clock: 33MHz
             capabilities: pm msi bus_master cap_list ethernet physical tp 10bt 10bt-fd 100bt 100bt-fd 1000bt-fd autonegotiation
             configuration: autonegotiation=on broadcast=yes driver=e1000e driverversion=3.2.6-k firmware=0.8-4 latency=0 link=no multicast=yes port=twisted pair
             resources: irq:125 memory:f7100000-f711ffff
     *-scsi
          physical id: 1
          logical name: scsi2
          capabilities: emulated
        *-disk
             description: ATA Disk
             product: WDC WD10EZEX-08W
             vendor: Western Digital
             physical id: 0.0.0
             bus info: scsi@2:0.0.0
             logical name: /dev/sda
             version: 1A02
             serial: WD-WCC6Y6TA878V
             size: 931GiB (1TB)
             capabilities: partitioned partitioned:dos
             configuration: ansiversion=5 logicalsectorsize=512 sectorsize=4096 signature=b8fefb8b
           *-volume:0
                description: EXT4 volume
                vendor: Linux
                physical id: 1
                bus info: scsi@2:0.0.0,1
                logical name: /dev/sda1
                logical name: /
                version: 1.0
                serial: 7385e620-4775-4f3b-8d64-266dba7fc3ed
                size: 111GiB
                capacity: 111GiB
                capabilities: primary bootable journaled extended_attributes large_files huge_files dir_nlink recover 64bit extents ext4 ext2 initialized
                configuration: created=2018-04-27 15:27:54 filesystem=ext4 lastmountpoint=/ modified=2018-09-27 10:45:53 mount.fstype=ext4 mount.options=rw,relatime,errors=remount-ro,data=ordered mounted=2018-09-27 10:45:56 state=mounted
           *-volume:1
                description: Windows NTFS volume
                physical id: 2
                bus info: scsi@2:0.0.0,2
                logical name: /dev/sda2
                version: 3.1
                serial: 4cd8a2ce-5cb4-bf40-bcfb-e43b18f2a362
                size: 478GiB
                capacity: 478GiB
                capabilities: primary ntfs initialized
                configuration: clustersize=4096 created=2018-07-10 18:26:43 filesystem=ntfs label=DATA state=clean
           *-volume:2
                description: Linux filesystem partition
                physical id: 3
                bus info: scsi@2:0.0.0,3
                logical name: /dev/sda3
                version: 3.6
                serial: 7a98eddd-97be-4e53-a186-023344857b07
                size: 3820MiB
                capacity: 3820MiB
                capabilities: primary journaled reiserfs initialized
                configuration: filesystem=reiserfs hash=r5 label=SAFE state=clean
           *-volume:3
                description: Windows FAT volume
                vendor: mkfs.fat
                physical id: 4
                bus info: scsi@2:0.0.0,4
                logical name: /dev/sda4
                logical name: /mnt/grubpart
                version: FAT32
                serial: 9e58-a7ae
                size: 1896MiB
                capacity: 1913MiB
                capabilities: primary fat initialized
                configuration: FATs=2 filesystem=fat label=GRUB mount.fstype=vfat mount.options=rw,relatime,fmask=0022,dmask=0022,codepage=437,iocharset=iso8859-1,shortname=mixed,errors=remount-ro state=mounted
  *-power UNCLAIMED
       description: To Be Filled By O.E.M.
       product: To Be Filled By O.E.M.
       vendor: To Be Filled By O.E.M.
       physical id: 1
       version: To Be Filled By O.E.M.
       serial: To Be Filled By O.E.M.
       capacity: 32768mWh
